GROUP,PACKAGE,CLASS,INSTRUCTION_MISSED,INSTRUCTION_COVERED,BRANCH_MISSED,BRANCH_COVERED,LINE_MISSED,LINE_COVERED,COMPLEXITY_MISSED,COMPLEXITY_COVERED,METHOD_MISSED,METHOD_COVERED
Core XMPP Server,org.jivesoftware.admin,PluginFilter.FilterChainInjector,67,0,6,0,14,0,6,0,3,0
Core XMPP Server,org.jivesoftware.admin,AdminConsole.ElementByOrderAttributeComparator,7,33,0,4,3,4,0,4,0,2
Core XMPP Server,org.jivesoftware.admin,AdminPageBean,60,0,6,0,22,0,14,0,11,0
Core XMPP Server,org.jivesoftware.admin,LoginLimitManager.PerUsernameTask,5,6,0,0,2,1,1,1,1,1
Core XMPP Server,org.jivesoftware.admin,TabsTag,260,0,28,0,57,0,26,0,12,0
Core XMPP Server,org.jivesoftware.admin,LdapGroupTester,211,0,14,0,51,0,10,0,3,0
Core XMPP Server,org.jivesoftware.admin,SubSidebarTag,37,0,2,0,11,0,6,0,5,0
Core XMPP Server,org.jivesoftware.admin,AdminConsole,443,279,70,24,109,78,48,18,7,12
Core XMPP Server,org.jivesoftware.admin,LdapUserTester,849,0,130,0,127,0,70,0,5,0
Core XMPP Server,org.jivesoftware.admin,SidebarTag,483,0,56,0,115,0,40,0,12,0
Core XMPP Server,org.jivesoftware.admin,LoginLimitManager.PerIPAddressTask,5,6,0,0,2,1,1,1,1,1
Core XMPP Server,org.jivesoftware.admin,LdapUserTester.PropertyMapping,37,0,2,0,9,0,4,0,3,0
Core XMPP Server,org.jivesoftware.admin,LoginLimitManager,43,226,8,8,8,36,7,8,3,4
Core XMPP Server,org.jivesoftware.admin,ASN1DERTag,238,0,37,0,44,0,26,0,7,0
Core XMPP Server,org.jivesoftware.admin,AdminPageBean.Breadcrumb,22,0,2,0,8,0,4,0,3,0
Core XMPP Server,org.jivesoftware.admin,AdminConsole.new VisitorSupport() {...},0,14,0,0,0,4,0,2,0,2
Core XMPP Server,org.jivesoftware.admin,LdapUserProfile,1371,0,172,0,351,0,146,0,60,0
Core XMPP Server,org.jivesoftware.admin,JSTLFunctions,57,0,0,0,11,0,7,0,7,0
Core XMPP Server,org.jivesoftware.admin,SiteMinderServletRequestAuthenticator,20,0,4,0,6,0,5,0,3,0
Core XMPP Server,org.jivesoftware.admin,LdapGroupTester.Group,21,0,0,0,8,0,4,0,4,0
Core XMPP Server,org.jivesoftware.admin,SubnavTag,274,0,34,0,66,0,25,0,8,0
Core XMPP Server,org.jivesoftware.admin,LoginLimitManager.LoginLimitManagerContainer,9,0,0,0,2,0,2,0,2,0
Core XMPP Server,org.jivesoftware.admin,PluginFilter,275,0,46,0,70,0,32,0,9,0
Core XMPP Server,org.jivesoftware.admin,AuthCheckFilter,110,297,18,40,29,69,20,22,5,8
Core XMPP Server,org.jivesoftware.openfire.interceptor,PacketCopier.InterceptedPacket,37,0,0,0,12,0,6,0,6,0
Core XMPP Server,org.jivesoftware.openfire.interceptor,InterceptorManager,308,0,48,0,73,0,36,0,12,0
Core XMPP Server,org.jivesoftware.openfire.interceptor,PacketCopier.Subscription,33,0,0,0,12,0,6,0,6,0
Core XMPP Server,org.jivesoftware.openfire.interceptor,PacketCopier.ProcessPacketsTask,17,0,0,0,6,0,2,0,2,0
Core XMPP Server,org.jivesoftware.openfire.interceptor,PacketRejectedException,70,0,6,0,26,0,12,0,9,0
Core XMPP Server,org.jivesoftware.openfire.interceptor,PacketCopier,293,0,44,0,68,0,32,0,10,0
Core XMPP Server,org.jivesoftware.openfire.spi,MINAConnectionAcceptor,511,0,43,0,103,0,32,0,9,0
Core XMPP Server,org.jivesoftware.openfire.spi,EncryptionArtifactFactory,464,65,26,0,100,18,26,5,11,5
Core XMPP Server,org.jivesoftware.openfire.spi,ConnectionType,102,0,0,0,13,0,6,0,6,0
Core XMPP Server,org.jivesoftware.openfire.spi,XMPPServerInfoImpl,71,0,8,0,19,0,11,0,7,0
Core XMPP Server,org.jivesoftware.openfire.spi,ConnectionManagerImpl.new Object() {...},47,0,0,0,1,0,1,0,1,0
Core XMPP Server,org.jivesoftware.openfire.spi,ConnectionManagerImpl.new PluginManagerListener() {...},17,0,0,0,5,0,2,0,2,0
Core XMPP Server,org.jivesoftware.openfire.spi,MINAConnectionAcceptor.new IoServiceListener() {...},78,0,0,0,18,0,8,0,8,0
Core XMPP Server,org.jivesoftware.openfire.spi,MINAConnectionAcceptor.new Object() {...},33,0,0,0,1,0,1,0,1,0
Core XMPP Server,org.jivesoftware.openfire.spi,ConnectionAcceptor,13,0,2,0,5,0,2,0,1,0
Core XMPP Server,org.jivesoftware.openfire.spi,RoutingTableImpl,2284,0,306,0,490,0,203,0,50,0
Core XMPP Server,org.jivesoftware.openfire.spi,PacketRouterImpl,64,0,6,0,21,0,9,0,6,0
Core XMPP Server,org.jivesoftware.openfire.spi,BasicStreamIDFactory.BasicStreamID,62,0,10,0,15,0,11,0,6,0
Core XMPP Server,org.jivesoftware.openfire.spi,LocalRoutingTable,188,0,22,0,42,0,24,0,13,0
Core XMPP Server,org.jivesoftware.openfire.spi,LocalRoutingTable.ServerCleanupTask,60,0,8,0,16,0,6,0,2,0
Core XMPP Server,org.jivesoftware.openfire.spi,LegacyConnectionAcceptor,144,0,12,0,29,0,11,0,5,0
Core XMPP Server,org.jivesoftware.openfire.spi,BasicStreamIDFactory,25,0,0,0,4,0,3,0,3,0
Core XMPP Server,org.jivesoftware.openfire.spi,RoutingTableImpl.new Comparator() {...},51,0,12,0,14,0,9,0,3,0
Core XMPP Server,org.jivesoftware.openfire.spi,RoutingTableImpl.new Comparator() {...},12,0,0,0,2,0,2,0,2,0
Core XMPP Server,org.jivesoftware.openfire.spi,ConnectionListener.new Object() {...},47,0,0,0,1,0,1,0,1,0
Core XMPP Server,org.jivesoftware.openfire.spi,ConnectionConfiguration,128,0,4,0,41,0,20,0,18,0
Core XMPP Server,org.jivesoftware.openfire.spi,PacketDelivererImpl,48,0,4,0,14,0,6,0,4,0
Core XMPP Server,org.jivesoftware.openfire.spi,ConnectionListener,1300,0,113,0,304,0,97,0,39,0
Core XMPP Server,org.jivesoftware.openfire.spi,PacketTransporterImpl,66,0,8,0,18,0,9,0,5,0
Core XMPP Server,org.jivesoftware.openfire.spi,EncryptionArtifactFactory.new Object() {...},26,0,0,0,1,0,1,0,1,0
Core XMPP Server,org.jivesoftware.openfire.spi,PresenceManagerImpl,1121,0,144,0,286,0,96,0,24,0
Core XMPP Server,org.jivesoftware.openfire.spi,ClientRoute,77,0,2,0,24,0,9,0,8,0
Core XMPP Server,org.jivesoftware.openfire.spi,ConnectionManagerImpl,1051,0,56,0,266,0,98,0,65,0
Core XMPP Server,org.jivesoftware.openfire.session,LocalConnectionMultiplexerSession,496,0,38,0,120,0,27,0,8,0
Core XMPP Server,org.jivesoftware.openfire.session,LocalClientSession,1371,0,194,0,319,0,140,0,43,0
Core XMPP Server,org.jivesoftware.openfire.session,ClientSessionInfo,129,0,16,0,29,0,16,0,8,0
Core XMPP Server,org.jivesoftware.openfire.session,LocalComponentSession,443,0,16,0,96,0,18,0,10,0
Core XMPP Server,org.jivesoftware.openfire.session,ConnectionSettings.Client,52,0,0,0,21,0,2,0,2,0
Core XMPP Server,org.jivesoftware.openfire.session,LocalComponentSession.LocalExternalComponent,239,0,20,0,62,0,29,0,19,0
Core XMPP Server,org.jivesoftware.openfire.session,Session,4,0,0,0,1,0,1,0,1,0
Core XMPP Server,org.jivesoftware.openfire.session,SoftwareVersionManager,58,0,0,0,25,0,10,0,10,0
Core XMPP Server,org.jivesoftware.openfire.session,GetSessionsCountTask,44,0,2,0,14,0,7,0,6,0
Core XMPP Server,org.jivesoftware.openfire.session,LocalServerSession,24,0,0,0,9,0,5,0,5,0
Core XMPP Server,org.jivesoftware.openfire.session,ConnectionSettings.Server,3,0,0,0,1,0,1,0,1,0
Core XMPP Server,org.jivesoftware.openfire.session,ConnectionSettings,3,0,0,0,2,0,1,0,1,0
Core XMPP Server,org.jivesoftware.openfire.session,LocalOutgoingServerSession,1458,0,156,0,352,0,95,0,17,0
Core XMPP Server,org.jivesoftware.openfire.session,DomainPair,77,0,8,0,15,0,10,0,6,0
Core XMPP Server,org.jivesoftware.openfire.session,LocalSession,517,0,38,0,132,0,57,0,38,0
Core XMPP Server,org.jivesoftware.openfire.session,ConnectionSettings.Component,18,0,0,0,7,0,2,0,2,0
Core XMPP Server,org.jivesoftware.openfire.session,LocalIncomingServerSession,411,0,52,0,100,0,42,0,16,0
Core XMPP Server,org.jivesoftware.openfire.session,ConnectionSettings.Multiplex,3,0,0,0,1,0,1,0,1,0
Core XMPP Server,org.jivesoftware.openfire.sasl,ScramSha1SaslServer,464,0,40,0,109,0,37,0,16,0
Core XMPP Server,org.jivesoftware.openfire.sasl,SaslServerFactoryImpl,272,0,50,0,45,0,33,0,4,0
Core XMPP Server,org.jivesoftware.openfire.sasl,SaslFailureException,31,0,0,0,13,0,5,0,5,0
Core XMPP Server,org.jivesoftware.openfire.sasl,VerifyPasswordCallback,53,0,8,0,13,0,9,0,5,0
Core XMPP Server,org.jivesoftware.openfire.sasl,AnonymousSaslServer,144,0,18,0,37,0,19,0,10,0
Core XMPP Server,org.jivesoftware.openfire.sasl,SaslServerFactoryImpl.Mechanism,12,0,0,0,5,0,1,0,1,0
Core XMPP Server,org.jivesoftware.openfire.sasl,SaslProvider,42,0,2,0,5,0,2,0,1,0
Core XMPP Server,org.jivesoftware.openfire.sasl,ScramSha1SaslServer.new Object() {...},26,0,0,0,1,0,1,0,1,0
Core XMPP Server,org.jivesoftware.openfire.sasl,Failure,148,0,0,0,17,0,5,0,5,0
Core XMPP Server,org.jivesoftware.openfire.sasl,ExternalServerSaslServer,156,0,18,0,36,0,18,0,9,0
Core XMPP Server,org.jivesoftware.openfire.sasl,ExternalClientSaslServer,253,0,41,0,65,0,31,0,10,0
Core XMPP Server,org.jivesoftware.openfire.sasl,JiveSharedSecretSaslServer,169,0,26,0,44,0,26,0,13,0
Core XMPP Server,org.jivesoftware.openfire.sasl,ScramSha1SaslServer.State,48,0,0,0,4,0,4,0,4,0
Core XMPP Server,org.jivesoftware.openfire.sasl,SaslServerPlainImpl,270,0,24,0,63,0,21,0,9,0
Core XMPP Server,org.jivesoftware.openfire.privacy,PrivacyItem,452,0,100,0,100,0,62,0,12,0
Core XMPP Server,org.jivesoftware.openfire.privacy,PrivacyItem.Type,48,0,0,0,4,0,4,0,4,0
Core XMPP Server,org.jivesoftware.openfire.privacy,PrivacyListProvider,730,0,40,0,164,0,31,0,11,0
Core XMPP Server,org.jivesoftware.openfire.privacy,PrivacyList.new ThreadLocal() {...},15,0,0,0,5,0,2,0,2,0
Core XMPP Server,org.jivesoftware.openfire.privacy,PrivacyListManager,329,0,28,0,85,0,28,0,14,0
Core XMPP Server,org.jivesoftware.openfire.privacy,PrivacyList,393,0,34,0,100,0,35,0,18,0
Core XMPP Server,org.jivesoftware.openfire.privacy,PrivacyListManager.new PrivacyListEventListener() {...},16,0,0,0,5,0,4,0,4,0
Core XMPP Server,org.jivesoftware.util.log.util,CommonsLogFactory.new Log() {...},81,0,0,0,29,0,19,0,19,0
Core XMPP Server,org.jivesoftware.util.log.util,CommonsLogFactory,27,0,0,0,11,0,9,0,9,0
Core XMPP Server,org.jivesoftware.openfire.security,SecurityAuditManager.SecurityAuditManagerContainer,9,0,0,0,2,0,2,0,2,0
Core XMPP Server,org.jivesoftware.openfire.security,DefaultSecurityAuditProvider,439,0,26,0,113,0,23,0,10,0
Core XMPP Server,org.jivesoftware.openfire.security,SecurityAuditManager,75,18,8,0,20,8,11,1,7,1
Core XMPP Server,org.jivesoftware.openfire.security,SecurityAuditEvent,45,0,0,0,19,0,13,0,13,0
Core XMPP Server,org.jivesoftware.openfire.security,AuditWriteOnlyException,16,0,0,0,8,0,4,0,4,0
Core XMPP Server,org.jivesoftware.openfire.security,EventNotFoundException,16,0,0,0,8,0,4,0,4,0
Core XMPP Server,org.jivesoftware.util,FastDateFormat.TwoDigitYearField,33,0,0,0,8,0,4,0,4,0
Core XMPP Server,org.jivesoftware.util,XMPPDateTimeFormat,16,125,1,7,3,26,1,7,0,4
Core XMPP Server,org.jivesoftware.util,S2STestService,410,0,22,0,94,0,19,0,7,0
Core XMPP Server,org.jivesoftware.util,AesEncryptor,23,303,5,17,6,43,5,19,0,13
Core XMPP Server,org.jivesoftware.util,CookieUtils,118,0,24,0,33,0,17,0,5,0
Core XMPP Server,org.jivesoftware.util,ImmediateFuture,22,0,0,0,10,0,7,0,7,0
Core XMPP Server,org.jivesoftware.util,CertificateManager,800,350,94,22,141,75,72,9,15,7
Core XMPP Server,org.jivesoftware.util,S2STestService.S2SInterceptor,80,0,14,0,15,0,10,0,3,0
Core XMPP Server,org.jivesoftware.util,FastDateFormat.CharacterLiteral,0,14,0,0,0,6,0,3,0,3
Core XMPP Server,org.jivesoftware.util,EmailService.EmailTask,110,0,8,0,26,0,7,0,3,0
Core XMPP Server,org.jivesoftware.util,SetCharacterEncodingFilter,16,0,0,0,7,0,4,0,4,0
Core XMPP Server,org.jivesoftware.util,JavaSpecVersion,70,66,9,7,18,17,11,6,5,4
Core XMPP Server,org.jivesoftware.util,JiveConstants,3,0,0,0,1,0,1,0,1,0
Core XMPP Server,org.jivesoftware.util,PropertyEventDispatcher,18,53,2,7,7,18,4,7,2,3
Core XMPP Server,org.jivesoftware.util,SimpleSSLSocketFactory,94,0,0,0,19,0,12,0,12,0
Core XMPP Server,org.jivesoftware.util,JiveBeanInfo,166,0,12,0,43,0,16,0,10,0
Core XMPP Server,org.jivesoftware.util,AutoCloseableReentrantLock,6,92,0,6,2,23,0,13,0,10
Core XMPP Server,org.jivesoftware.util,JiveInitialLdapContext,22,0,0,0,10,0,6,0,6,0
Core XMPP Server,org.jivesoftware.util,ClassUtils,25,35,3,1,6,13,2,6,0,6
Core XMPP Server,org.jivesoftware.util,FastDateFormat.TwelveHourField,34,0,2,0,11,0,5,0,4,0
Core XMPP Server,org.jivesoftware.util,FastDateFormat.UnpaddedNumberField,27,28,2,2,3,10,2,4,0,4
Core XMPP Server,org.jivesoftware.util,AutoCloseableReentrantLock.AutoCloseableLock,0,10,0,0,0,5,0,2,0,2
Core XMPP Server,org.jivesoftware.util,ElementUtil,574,0,82,0,120,0,51,0,10,0
Core XMPP Server,org.jivesoftware.util,FastDateFormat.TwoDigitNumberField,5,39,1,1,1,10,1,4,0,4
Core XMPP Server,org.jivesoftware.util,WebManager.new Comparator() {...},14,0,0,0,2,0,2,0,2,0
Core XMPP Server,org.jivesoftware.util,JiveGlobals.new TimerTask() {...},27,0,4,0,7,0,4,0,2,0
Core XMPP Server,org.jivesoftware.util,SystemProperty,93,893,21,57,11,149,30,68,12,47
Core XMPP Server,org.jivesoftware.util,FastDateFormat.PaddedNumberField,36,57,6,4,7,14,4,5,0,4
Core XMPP Server,org.jivesoftware.util,SmsService.SMPPSessionPool,140,0,12,0,39,0,13,0,7,0
Core XMPP Server,org.jivesoftware.util,FastDateFormat.UnpaddedMonthField,44,0,2,0,10,0,5,0,4,0
Core XMPP Server,org.jivesoftware.util,NamedThreadFactory,119,32,18,2,23,10,12,1,2,1
Core XMPP Server,org.jivesoftware.util,Blowfish,84,700,14,32,20,112,19,26,5,17
Core XMPP Server,org.jivesoftware.util,Version,54,412,17,51,7,91,18,33,2,13
Core XMPP Server,org.jivesoftware.util,XMLProperties,799,645,112,58,160,139,78,33,8,18
Core XMPP Server,org.jivesoftware.util,ListPager,686,199,28,8,129,31,23,17,9,13
Core XMPP Server,org.jivesoftware.util,SystemProperty.new PropertyEventListener() {...},0,31,0,2,0,10,0,7,0,6
Core XMPP Server,org.jivesoftware.util,PropertyClusterEventTask,85,33,10,0,19,11,9,3,4,3
Core XMPP Server,org.jivesoftware.util,Base64.InputStream,264,0,48,0,66,0,28,0,4,0
Core XMPP Server,org.jivesoftware.util,SmsService.SmsTask,156,0,0,0,31,0,3,0,3,0
Core XMPP Server,org.jivesoftware.util,WebBean,39,16,0,0,12,6,2,2,2,2
Core XMPP Server,org.jivesoftware.util,Base64.OutputStream,264,0,30,0,59,0,23,0,8,0
Core XMPP Server,org.jivesoftware.util,Base64,936,2865,22,42,174,95,30,27,13,11
Core XMPP Server,org.jivesoftware.util,LinkedList,63,53,5,3,14,13,7,6,4,5
Core XMPP Server,org.jivesoftware.util,FastDateFormat.TimeZoneRule,109,0,16,0,28,0,11,0,3,0
Core XMPP Server,org.jivesoftware.util,LocaleUtils,521,895,59,3,132,94,47,4,16,4
Core XMPP Server,org.jivesoftware.util,SmsService,486,0,26,0,91,0,19,0,6,0
Core XMPP Server,org.jivesoftware.util,PropertyEventDispatcher.EventType,5,53,0,0,0,5,1,3,1,3
Core XMPP Server,org.jivesoftware.util,TaskEngine.TimerTaskWrapper,22,0,0,0,8,0,2,0,2,0
Core XMPP Server,org.jivesoftware.util,TaskEngine,150,40,6,0,38,8,13,2,10,2
Core XMPP Server,org.jivesoftware.util,SmsService.SMPPSessionFactory,114,0,0,0,23,0,6,0,6,0
Core XMPP Server,org.jivesoftware.util,HTTPConnectionException,127,0,36,0,41,0,21,0,3,0
Core XMPP Server,org.jivesoftware.util,FastDateFormat,589,458,67,60,149,115,72,33,23,9
Core XMPP Server,org.jivesoftware.util,ByteFormat,62,0,4,0,13,0,7,0,5,0
Core XMPP Server,org.jivesoftware.util,LinkedListNode,9,58,4,2,1,16,4,4,1,4
Core XMPP Server,org.jivesoftware.util,WebXmlUtils,12,322,7,31,4,67,8,26,1,14
Core XMPP Server,org.jivesoftware.util,FastDateFormat.TimeZoneDisplayKey,61,0,12,0,16,0,9,0,3,0
Core XMPP Server,org.jivesoftware.util,FastDateFormat.StringLiteral,16,0,0,0,6,0,3,0,3,0
Core XMPP Server,org.jivesoftware.util,WebManager,440,67,49,3,113,21,59,8,33,8
Core XMPP Server,org.jivesoftware.util,Version.ReleaseStatus,9,70,0,0,0,6,2,3,2,3
Core XMPP Server,org.jivesoftware.util,XMLWriter,1872,551,266,69,536,163,238,32,75,19
Core XMPP Server,org.jivesoftware.util,SystemProperty.Builder,63,343,18,46,11,80,18,32,0,18
Core XMPP Server,org.jivesoftware.util,FastDateFormat.Pair,120,23,34,2,31,7,21,2,3,2
Core XMPP Server,org.jivesoftware.util,SimpleSSLSocketFactory.DummyTrustManager,22,0,0,0,11,0,6,0,6,0
Core XMPP Server,org.jivesoftware.util,InitializationException,63,0,6,0,23,0,10,0,7,0
Core XMPP Server,org.jivesoftware.util,PropertyEventDispatcher.new Object() {...},4,29,0,0,0,1,0,1,0,1
Core XMPP Server,org.jivesoftware.util,ModificationNotAllowedException,16,0,0,0,8,0,4,0,4,0
Core XMPP Server,org.jivesoftware.util,CollectionUtils,22,0,2,0,3,0,4,0,3,0
Core XMPP Server,org.jivesoftware.util,ConcurrentHashSet,161,0,8,0,39,0,19,0,15,0
Core XMPP Server,org.jivesoftware.util,FaviconServlet,294,0,36,0,59,0,26,0,8,0
Core XMPP Server,org.jivesoftware.util,JiveProperties,580,278,54,18,121,84,48,20,16,16
Core XMPP Server,org.jivesoftware.util,PersistableMap,3,0,0,0,1,0,1,0,1,0
Core XMPP Server,org.jivesoftware.util,ParamUtils,327,20,69,3,93,7,51,2,16,1
Core XMPP Server,org.jivesoftware.util,StringUtils,1410,554,219,51,312,101,140,42,25,22
Core XMPP Server,org.jivesoftware.util,JiveGlobals,918,395,202,58,266,137,147,39,24,32
Core XMPP Server,org.jivesoftware.util,AlreadyExistsException,7,0,0,0,4,0,2,0,2,0
Core XMPP Server,org.jivesoftware.util,Log,392,0,46,0,140,0,57,0,34,0
Core XMPP Server,org.jivesoftware.util,PropertyClusterEventTask.Type,9,29,0,0,0,3,2,2,2,2
Core XMPP Server,org.jivesoftware.util,FastDateFormat.TextField,43,0,4,0,13,0,5,0,3,0
Core XMPP Server,org.jivesoftware.util,LocaleFilter,54,0,2,0,17,0,5,0,4,0
Core XMPP Server,org.jivesoftware.util,EmailService,504,0,50,0,134,0,46,0,21,0
Core XMPP Server,org.jivesoftware.util,FastDateFormat.TwentyFourHourField,34,0,2,0,11,0,5,0,4,0
Core XMPP Server,org.jivesoftware.util,Blowfish.BlowfishECB,481,5675,45,21,93,95,37,14,14,4
Core XMPP Server,org.jivesoftware.util,BeanUtils,357,0,42,0,88,0,29,0,8,0
Core XMPP Server,org.jivesoftware.util,CacheableOptional,9,84,5,7,3,17,6,10,1,9
Core XMPP Server,org.jivesoftware.util,NotFoundException,7,0,0,0,4,0,2,0,2,0
Core XMPP Server,org.jivesoftware.util,Blowfish.BlowfishCBC,243,93,20,4,64,27,25,9,15,7
Core XMPP Server,org.jivesoftware.util,FastDateFormat.TwoDigitMonthField,0,33,0,0,0,8,0,4,0,4
Core XMPP Server,org.jivesoftware.openfire.muc,ServiceUnavailableException,63,0,6,0,23,0,10,0,7,0
Core XMPP Server,org.jivesoftware.openfire.muc,CannotBeInvitedException,63,0,6,0,23,0,10,0,7,0
Core XMPP Server,org.jivesoftware.openfire.muc,MUCEventDispatcher,207,0,16,0,64,0,20,0,12,0
Core XMPP Server,org.jivesoftware.openfire.muc,MultiUserChatService,19,0,0,0,7,0,6,0,6,0
Core XMPP Server,org.jivesoftware.openfire.muc,RoomLockedException,63,0,6,0,23,0,10,0,7,0
Core XMPP Server,org.jivesoftware.openfire.muc,ForbiddenException,63,0,6,0,23,0,10,0,7,0
Core XMPP Server,org.jivesoftware.openfire.muc,MultiUserChatManager,1096,0,74,0,271,0,78,0,41,0
Core XMPP Server,org.jivesoftware.openfire.muc,MUCRole.Role,18,60,4,0,6,8,6,3,3,3
Core XMPP Server,org.jivesoftware.openfire.muc,HistoryStrategy.MessageComparator,21,0,0,0,4,0,2,0,2,0
Core XMPP Server,org.jivesoftware.openfire.muc,MUCRoomHistory,372,0,50,0,85,0,34,0,9,0
Core XMPP Server,org.jivesoftware.openfire.muc,NotAcceptableException,63,0,6,0,23,0,10,0,7,0
Core XMPP Server,org.jivesoftware.openfire.muc,MUCEventDelegate.InvitationResult,5,43,0,0,0,4,1,3,1,3
Core XMPP Server,org.jivesoftware.openfire.muc,RegistrationRequiredException,63,0,6,0,23,0,10,0,7,0
Core XMPP Server,org.jivesoftware.openfire.muc,NotAllowedException,63,0,6,0,23,0,10,0,7,0
Core XMPP Server,org.jivesoftware.openfire.muc,MUCEventDelegate,140,0,12,0,25,0,8,0,2,0
Core XMPP Server,org.jivesoftware.openfire.muc,HistoryStrategy,357,0,58,0,86,0,45,0,16,0
Core XMPP Server,org.jivesoftware.openfire.muc,MUCEventListener,2,0,0,0,2,0,2,0,2,0
Core XMPP Server,org.jivesoftware.openfire.muc,MUCRole.Affiliation,20,71,5,0,7,9,7,3,3,3
Core XMPP Server,org.jivesoftware.openfire.muc,MultiUserChatManager.new Statistic() {...},42,0,2,0,11,0,8,0,7,0
Core XMPP Server,org.jivesoftware.openfire.muc,MultiUserChatManager.new Statistic() {...},42,0,2,0,11,0,8,0,7,0
Core XMPP Server,org.jivesoftware.openfire.muc,MultiUserChatManager.new Statistic() {...},43,0,2,0,11,0,8,0,7,0
Core XMPP Server,org.jivesoftware.openfire.muc,MultiUserChatManager.new Statistic() {...},43,0,2,0,11,0,8,0,7,0
Core XMPP Server,org.jivesoftware.openfire.muc,MultiUserChatManager.new Statistic() {...},43,0,2,0,11,0,8,0,7,0
Core XMPP Server,org.jivesoftware.openfire.muc,HistoryRequest,258,0,54,0,67,0,35,0,8,0
Core XMPP Server,org.jivesoftware.openfire.muc,MUCEventDelegate.InvitationRejectionResult,5,33,0,0,0,3,1,3,1,3
Core XMPP Server,org.jivesoftware.openfire.muc,MultiUserChatManager.ServiceComparator,9,0,0,0,2,0,2,0,2,0
Core XMPP Server,org.jivesoftware.openfire.muc,HistoryStrategy.Type,58,0,0,0,2,0,4,0,4,0
Core XMPP Server,org.jivesoftware.openfire.muc,ConflictException,63,0,6,0,23,0,10,0,7,0
Core XMPP Server,org.jivesoftware.openfire.http,BoshBindingError.Type,52,0,2,0,9,0,6,0,5,0
Core XMPP Server,org.jivesoftware.openfire.http,HttpSession.Delivered,55,0,4,0,14,0,6,0,4,0
Core XMPP Server,org.jivesoftware.openfire.http,HttpConnectionClosedException,4,0,0,0,2,0,1,0,1,0
Core XMPP Server,org.jivesoftware.openfire.http,HttpSession,1923,0,201,0,411,0,152,0,51,0
Core XMPP Server,org.jivesoftware.openfire.http,HttpSession.Deliverable,187,0,20,0,45,0,14,0,4,0
Core XMPP Server,org.jivesoftware.openfire.http,HttpBindServlet.WriteListenerImpl,110,0,8,0,25,0,7,0,3,0
Core XMPP Server,org.jivesoftware.openfire.http,SessionEventDispatcher.EventType,68,0,0,0,6,0,4,0,4,0
Core XMPP Server,org.jivesoftware.openfire.http,HttpBindServlet,626,0,64,0,147,0,48,0,16,0
Core XMPP Server,org.jivesoftware.openfire.http,HttpSession.new ThreadLocal() {...},15,0,0,0,5,0,2,0,2,0
Core XMPP Server,org.jivesoftware.openfire.http,HttpSession.new Comparator() {...},10,0,0,0,2,0,2,0,2,0
Core XMPP Server,org.jivesoftware.openfire.http,HttpSession.new AsyncListener() {...},204,0,12,0,27,0,11,0,5,0
Core XMPP Server,org.jivesoftware.openfire.http,HttpSession.new Runnable() {...},44,0,2,0,8,0,3,0,2,0
Core XMPP Server,org.jivesoftware.openfire.http,HttpSession.new Object() {...},19,0,0,0,1,0,1,0,1,0
Core XMPP Server,org.jivesoftware.openfire.http,HttpBindManager,1175,0,144,0,309,0,126,0,54,0
Core XMPP Server,org.jivesoftware.openfire.http,HttpSessionManager.HttpSessionReaper,111,0,10,0,23,0,7,0,2,0
Core XMPP Server,org.jivesoftware.openfire.http,HttpBindException,19,0,2,0,5,0,4,0,3,0
Core XMPP Server,org.jivesoftware.openfire.http,TempFileToucherTask,73,0,2,0,20,0,5,0,4,0
Core XMPP Server,org.jivesoftware.openfire.http,HttpBindServlet.ReadListenerImpl,126,0,10,0,23,0,9,0,4,0
Core XMPP Server,org.jivesoftware.openfire.http,HttpSessionManager,421,0,16,0,92,0,26,0,18,0
Core XMPP Server,org.jivesoftware.openfire.http,SessionEventDispatcher,96,0,10,0,30,0,12,0,5,0
Core XMPP Server,org.jivesoftware.openfire.http,HttpSession.OveractivityType,48,0,0,0,4,0,4,0,4,0
Core XMPP Server,org.jivesoftware.openfire.http,ResourceServlet,637,0,86,0,83,0,51,0,8,0
Core XMPP Server,org.jivesoftware.openfire.http,BoshBindingError,205,0,0,0,25,0,8,0,8,0
Core XMPP Server,org.jivesoftware.openfire.http,FlashCrossDomainServlet,273,0,36,0,64,0,27,0,9,0
Core XMPP Server,org.jivesoftware.openfire.http,HttpSession.HttpVirtualConnection,73,0,2,0,24,0,12,0,11,0
Core XMPP Server,org.jivesoftware.openfire.http,HttpSessionManager.new SessionListener() {...},15,0,0,0,3,0,2,0,2,0
Core XMPP Server,org.jivesoftware.openfire.http,HttpConnection,131,0,8,0,33,0,16,0,12,0
Core XMPP Server,org.jivesoftware.openfire.http,SessionListener,7,0,0,0,7,0,7,0,7,0
Core XMPP Server,org.jivesoftware.openfire.http,HttpSession.HttpPacketSender,18,0,0,0,7,0,3,0,3,0
Core XMPP Server,org.jivesoftware.openfire.http,HttpBindBody,288,0,30,0,64,0,38,0,23,0
Core XMPP Server,org.jivesoftware.openfire.http,SessionEventDispatcher.new Object() {...},40,0,0,0,1,0,1,0,1,0
Core XMPP Server,org.jivesoftware.openfire.vcard,VCardManager.new VCardListener() {...},31,0,0,0,7,0,4,0,4,0
Core XMPP Server,org.jivesoftware.openfire.vcard,PhotoResizer,451,0,52,0,65,0,30,0,4,0
Core XMPP Server,org.jivesoftware.openfire.vcard,VCardManager,304,0,32,0,96,0,31,0,15,0
Core XMPP Server,org.jivesoftware.openfire.vcard,DefaultVCardProvider,345,0,20,0,76,0,17,0,7,0
Core XMPP Server,org.jivesoftware.openfire.vcard,VCardEventDispatcher,93,0,8,0,30,0,11,0,7,0
Core XMPP Server,org.jivesoftware.openfire.vcard,VCardManager.EventHandler,14,0,0,0,4,0,2,0,2,0
Core XMPP Server,org.jivesoftware.util.cert,SANCertificateIdentityMapping,238,170,48,22,35,38,35,12,2,7
Core XMPP Server,org.jivesoftware.util.cert,CNCertificateIdentityMapping,0,33,0,2,0,9,0,5,0,4
Core XMPP Server,org.jivesoftware.openfire.commands.admin.muc,CreateMUCRoom,273,0,12,0,83,0,14,0,8,0
Core XMPP Server,org.jivesoftware.openfire.muc.spi,MUCPersistenceManager.new Object() {...},26,0,0,0,1,0,1,0,1,0
Core XMPP Server,org.jivesoftware.openfire.muc.spi,IQMUCSearchHandler.new Comparator() {...},9,0,0,0,2,0,2,0,2,0
Core XMPP Server,org.jivesoftware.openfire.muc.spi,MultiUserChatServiceImpl.CleanupTask,51,0,10,0,15,0,7,0,2,0
Core XMPP Server,org.jivesoftware.openfire.muc.spi,LocalMUCRole,445,0,72,0,114,0,58,0,22,0
Core XMPP Server,org.jivesoftware.openfire.muc.spi,MultiUserChatServiceImpl.UserTimeoutTask,10,0,0,0,3,0,2,0,2,0
Core XMPP Server,org.jivesoftware.openfire.muc.spi,MUCServicePropertyEventDispatcher,63,0,7,0,21,0,9,0,5,0
Core XMPP Server,org.jivesoftware.openfire.muc.spi,MUCServiceProperties,639,0,40,0,146,0,45,0,25,0
Core XMPP Server,org.jivesoftware.openfire.muc.spi,IQOwnerHandler,1525,0,185,0,341,0,101,0,8,0
Core XMPP Server,org.jivesoftware.openfire.muc.spi,IQMUCRegisterHandler,354,0,24,0,104,0,15,0,3,0
Core XMPP Server,org.jivesoftware.openfire.muc.spi,RemoteMUCRole,229,0,0,0,59,0,21,0,21,0
Core XMPP Server,org.jivesoftware.openfire.muc.spi,LocalMUCRoom,5489,41,713,13,1218,8,511,7,148,2
Core XMPP Server,org.jivesoftware.openfire.muc.spi,MUCServicePropertyEventDispatcher.EventType,38,0,0,0,3,0,4,0,4,0
Core XMPP Server,org.jivesoftware.openfire.muc.spi,IQOwnerHandler.new Object() {...},19,0,0,0,1,0,1,0,1,0
Core XMPP Server,org.jivesoftware.openfire.muc.spi,ConversationLogEntry,51,0,0,0,16,0,8,0,8,0
Core XMPP Server,org.jivesoftware.openfire.muc.spi,RemoteMUCUser,80,0,10,0,19,0,9,0,4,0
Core XMPP Server,org.jivesoftware.openfire.muc.spi,MultiUserChatServiceImpl,3023,0,368,0,715,0,277,0,93,0
Core XMPP Server,org.jivesoftware.openfire.muc.spi,LocalMUCUser,992,0,152,0,260,0,91,0,15,0
Core XMPP Server,org.jivesoftware.openfire.muc.spi,LocalMUCRoom.RoomRole,62,0,2,0,23,0,18,0,17,0
Core XMPP Server,org.jivesoftware.openfire.muc.spi,MUCPersistenceManager,3035,0,280,0,684,0,183,0,34,0
Core XMPP Server,org.jivesoftware.openfire.muc.spi,MultiUserChatServiceImpl.ConversationLogEntryArchiver,15,0,2,0,6,0,3,0,2,0
Core XMPP Server,org.jivesoftware.openfire.muc.spi,IQAdminHandler,866,0,120,0,174,0,65,0,5,0
Core XMPP Server,org.jivesoftware.openfire.muc.spi,LocalMUCRoomManager,69,0,8,0,17,0,11,0,7,0
Core XMPP Server,org.jivesoftware.openfire.muc.spi,IQMUCSearchHandler,609,0,92,0,169,0,52,0,6,0
Core XMPP Server,org.jivesoftware.openfire.muc.spi,MUCServicePropertyEventDispatcher.new Object() {...},19,0,0,0,1,0,1,0,1,0
Core XMPP Server,org.jivesoftware.openfire.muc.spi,LocalMUCRoom.new Object() {...},13,95,0,0,0,4,0,1,0,1
Core XMPP Server,org.jivesoftware.openfire.filetransfer.proxy,DefaultProxyTransfer,244,0,26,0,51,0,32,0,19,0
Core XMPP Server,org.jivesoftware.openfire.filetransfer.proxy,ProxyOutputStream,21,0,0,0,6,0,3,0,3,0
Core XMPP Server,org.jivesoftware.openfire.filetransfer.proxy,ProxyConnectionManager.new Runnable() {...},80,0,0,0,14,0,2,0,2,0
Core XMPP Server,org.jivesoftware.openfire.filetransfer.proxy,ProxyConnectionManager.new Runnable() {...},66,0,4,0,17,0,4,0,2,0
Core XMPP Server,org.jivesoftware.openfire.filetransfer.proxy,FileTransferProxy,517,0,44,0,138,0,48,0,26,0
Core XMPP Server,org.jivesoftware.openfire.filetransfer.proxy,ProxyConnectionManager,502,0,34,0,122,0,32,0,15,0
Core XMPP Server,org.jivesoftware.openfire.filetransfer.proxy,ProxyConnectionManager.1.new Runnable() {...},27,0,0,0,9,0,2,0,2,0
Core XMPP Server,org.jivesoftware.openfire.filetransfer.proxy,FileTransferProxy.FileTransferPropertyListener,70,0,14,0,19,0,12,0,5,0
Core XMPP Server,org.jivesoftware.openfire.filetransfer.proxy,ProxyConnectionManager.ProxyTracker,14,0,0,0,4,0,3,0,3,0
Core XMPP Server,org.jivesoftware.openfire.admin,AdminManager,311,18,46,0,89,8,39,1,16,1
Core XMPP Server,org.jivesoftware.openfire.admin,AdminManager.AdminManagerContainer,9,0,0,0,2,0,2,0,2,0
Core XMPP Server,org.jivesoftware.openfire.admin,DefaultAdminProvider,196,0,24,0,53,0,19,0,7,0
Core XMPP Server,org.jivesoftware.openfire.admin,JDBCAdminProvider,328,0,32,0,64,0,23,0,7,0
Core XMPP Server,org.jivesoftware.openfire.multiplex,ConnectionMultiplexerManager.new TimerTask() {...},31,0,2,0,8,0,3,0,2,0
Core XMPP Server,org.jivesoftware.openfire.multiplex,ConnectionMultiplexerManager,334,0,34,0,92,0,37,0,20,0
Core XMPP Server,org.jivesoftware.openfire.multiplex,MultiplexerPacketDeliverer,117,0,22,0,32,0,16,0,5,0
Core XMPP Server,org.jivesoftware.openfire.multiplex,UnknownStanzaException,3,0,0,0,1,0,1,0,1,0
Core XMPP Server,org.jivesoftware.openfire.multiplex,ClientSessionConnection,227,0,18,0,63,0,18,0,9,0
Core XMPP Server,org.jivesoftware.openfire.multiplex,MultiplexerPacketHandler,389,0,40,0,104,0,28,0,8,0
Core XMPP Server,org.jivesoftware.openfire.multiplex,Route,94,0,6,0,26,0,10,0,7,0
Core XMPP Server,org.jivesoftware.database,EmbeddedConnectionProvider,149,0,4,0,40,0,10,0,8,0
Core XMPP Server,org.jivesoftware.database,JNDIDataSourceProvider,109,67,12,0,27,2,12,1,6,1
Core XMPP Server,org.jivesoftware.database,SchemaManager,843,7,112,0,158,2,63,2,7,2
Core XMPP Server,org.jivesoftware.database,DbConnectionManager,675,147,97,11,223,43,85,11,32,10
Core XMPP Server,org.jivesoftware.database,DbConnectionManager.DatabaseType,29,116,2,0,3,12,4,2,3,2
Core XMPP Server,org.jivesoftware.database,ProfiledConnectionEntry,12,0,0,0,5,0,1,0,1,0
Core XMPP Server,org.jivesoftware.database,ProfiledConnection.Type,58,0,0,0,5,0,4,0,4,0
Core XMPP Server,org.jivesoftware.database,ProfiledConnection.TimedPreparedStatement,394,0,44,0,97,0,36,0,8,0
Core XMPP Server,org.jivesoftware.database,ProfiledConnection,908,0,170,0,248,0,123,0,22,0
Core XMPP Server,org.jivesoftware.database,DefaultConnectionProviderBeanInfo,41,0,0,0,6,0,5,0,5,0
Core XMPP Server,org.jivesoftware.database,SchemaManager.new SchemaManager.ResourceLoader() {...},40,0,0,0,5,0,2,0,2,0
Core XMPP Server,org.jivesoftware.database,SchemaManager.new SchemaManager.ResourceLoader() {...},34,0,0,0,5,0,2,0,2,0
Core XMPP Server,org.jivesoftware.database,PreparedStatementWrapper,341,0,0,0,108,0,56,0,56,0
Core XMPP Server,org.jivesoftware.database,ProfiledConnection.TimedCallableStatement,394,0,44,0,97,0,36,0,8,0
Core XMPP Server,org.jivesoftware.database,CachedPreparedStatement,340,0,36,0,74,0,34,0,13,0
Core XMPP Server,org.jivesoftware.database,SchemaManager.ResourceLoader,3,0,0,0,1,0,1,0,1,0
Core XMPP Server,org.jivesoftware.database,AbstractConnection,274,0,0,0,74,0,55,0,55,0
Core XMPP Server,org.jivesoftware.database,StatementWrapper,209,0,0,0,61,0,45,0,45,0
Core XMPP Server,org.jivesoftware.database,ProfiledConnection.new Object() {...},33,0,0,0,1,0,1,0,1,0
Core XMPP Server,org.jivesoftware.database,CallableStatementWrapper,1183,0,0,0,327,0,211,0,211,0
Core XMPP Server,org.jivesoftware.database,SequenceManager,317,0,18,0,80,0,17,0,8,0
Core XMPP Server,org.jivesoftware.database,ProfiledConnection.TimedStatement,172,0,18,0,40,0,13,0,4,0
Core XMPP Server,org.jivesoftware.database,DefaultConnectionProvider,360,133,6,4,102,37,41,4,36,4
Core XMPP Server,org.jivesoftware.openfire.entitycaps,EntityCapabilitiesManager,363,348,49,33,95,96,45,16,16,4
Core XMPP Server,org.jivesoftware.openfire.entitycaps,EntityCapabilities,108,0,0,0,25,0,12,0,12,0
Core XMPP Server,org.jivesoftware.openfire.forward,Forwarded,54,55,4,6,14,14,6,4,3,2
Core XMPP Server,org.jivesoftware.openfire.webdav,WebDAVLiteServlet,719,0,68,0,145,0,43,0,9,0
Core XMPP Server,org.jivesoftware.openfire.audit,AuditEvent,53,0,0,0,22,0,11,0,11,0
Core XMPP Server,org.jivesoftware.openfire.audit,SessionEvent,56,0,0,0,7,0,6,0,6,0
Core XMPP Server,org.jivesoftware.openfire.audit,AuditStreamIDFactory,12,0,0,0,4,0,2,0,2,0
Core XMPP Server,org.eclipse.jetty.util,WebAppLoaderFix,276,0,46,0,105,0,29,0,6,0
Core XMPP Server,org.jivesoftware.openfire.auth,DefaultAuthorizationPolicy,296,0,46,0,63,0,28,0,5,0
Core XMPP Server,org.jivesoftware.openfire.auth,AuthToken.OneTimeAuthToken,4,0,0,0,2,0,1,0,1,0
Core XMPP Server,org.jivesoftware.openfire.auth,AuthToken,68,28,14,4,17,9,14,3,5,3
Core XMPP Server,org.jivesoftware.openfire.auth,NativeAuthProvider.new Log() {...},29,0,0,0,8,0,5,0,5,0
Core XMPP Server,org.jivesoftware.openfire.auth,POP3AuthProvider,447,0,38,0,92,0,30,0,11,0
Core XMPP Server,org.jivesoftware.openfire.auth,AuthorizationManager,343,0,40,0,81,0,25,0,5,0
Core XMPP Server,org.jivesoftware.openfire.auth,ScramUtils,106,0,6,0,21,0,7,0,4,0
Core XMPP Server,org.jivesoftware.openfire.auth,DefaultAuthProvider,713,11,74,0,187,4,49,2,12,2
Core XMPP Server,org.jivesoftware.openfire.auth,JDBCAuthProvider.new Object() {...},7,47,0,0,0,1,0,1,0,1
Core XMPP Server,org.jivesoftware.openfire.auth,AuthFactory,210,54,27,1,59,24,32,3,18,3
Core XMPP Server,org.jivesoftware.openfire.auth,NativeAuthProvider,207,0,8,0,55,0,15,0,11,0
Core XMPP Server,org.jivesoftware.openfire.auth,MappedAuthProvider,185,0,24,0,51,0,22,0,10,0
Core XMPP Server,org.jivesoftware.openfire.auth,ConnectionException,16,0,0,0,8,0,4,0,4,0
Core XMPP Server,org.jivesoftware.openfire.auth,UnauthorizedException,16,0,0,0,8,0,4,0,4,0
Core XMPP Server,org.jivesoftware.openfire.auth,DefaultAuthProvider.UserInfo,6,0,0,0,1,0,1,0,1,0
Core XMPP Server,org.jivesoftware.openfire.auth,AuthorizationBasedAuthProviderMapper,80,0,4,0,22,0,6,0,4,0
Core XMPP Server,org.jivesoftware.openfire.auth,InternalUnauthenticatedException,16,0,0,0,8,0,4,0,4,0
Core XMPP Server,org.jivesoftware.openfire.auth,HybridAuthProvider,432,36,48,0,98,17,35,1,11,1
Core XMPP Server,org.jivesoftware.openfire.auth,UnauthenticatedException,16,0,0,0,8,0,4,0,4,0
Core XMPP Server,org.jivesoftware.openfire.auth,DefaultAuthorizationMapping,151,0,16,0,33,0,13,0,5,0
Core XMPP Server,org.jivesoftware.openfire.auth,JDBCAuthProvider,524,224,65,24,129,58,56,18,16,7
Core XMPP Server,org.jivesoftware.openfire.auth,JDBCAuthProvider.PasswordType,0,88,0,0,0,9,0,4,0,4
Core XMPP Server,org.jivesoftware.openfire.auth,PropertyBasedAuthProviderMapper,158,0,14,0,33,0,11,0,4,0
Core XMPP Server,org.jivesoftware.openfire.container,GetAdminConsoleInfoTask,180,0,20,0,49,0,19,0,9,0
Core XMPP Server,org.jivesoftware.openfire.container,PluginManager.new DirectoryStream.Filter() {...},49,0,6,0,5,0,5,0,2,0
Core XMPP Server,org.jivesoftware.openfire.container,PluginManager.new SimpleFileVisitor() {...},29,0,0,0,13,0,3,0,3,0
Core XMPP Server,org.jivesoftware.openfire.container,PluginManager.new DirectoryStream.Filter() {...},51,0,8,0,4,0,6,0,2,0
Core XMPP Server,org.jivesoftware.openfire.container,PluginManager,1893,0,174,0,394,0,134,0,47,0
Core XMPP Server,org.jivesoftware.openfire.container,PluginMonitor.MonitorTask,911,0,124,0,147,0,68,0,6,0
Core XMPP Server,org.jivesoftware.openfire.container,PluginMonitor.MonitorTask.Node.new Comparator() {...},12,0,0,0,2,0,2,0,2,0
Core XMPP Server,org.jivesoftware.openfire.container,PluginMetadata,135,0,0,0,53,0,16,0,16,0
Core XMPP Server,org.jivesoftware.openfire.container,BasicModule,11,8,1,1,6,4,6,1,5,1
Core XMPP Server,org.jivesoftware.openfire.container,PluginCacheConfigurator,133,0,8,0,31,0,10,0,6,0
Core XMPP Server,org.jivesoftware.openfire.container,PluginMetadataHelper,398,0,40,0,99,0,53,0,33,0
Core XMPP Server,org.jivesoftware.openfire.container,CacheInfo.Type,65,0,2,0,11,0,7,0,6,0
Core XMPP Server,org.jivesoftware.openfire.container,PluginMonitor.MonitorTask.new DirectoryStream.Filter() {...},11,0,0,0,2,0,2,0,2,0
Core XMPP Server,org.jivesoftware.openfire.container,PluginMonitor.MonitorTask.new DirectoryStream.Filter() {...},32,0,6,0,5,0,5,0,2,0
Core XMPP Server,org.jivesoftware.openfire.container,PluginMonitor.MonitorTask.new DirectoryStream.Filter() {...},30,0,6,0,5,0,5,0,2,0
Core XMPP Server,org.jivesoftware.openfire.container,PluginMonitor.MonitorTask.new Callable() {...},45,0,6,0,9,0,5,0,2,0
Core XMPP Server,org.jivesoftware.openfire.container,PluginDevEnvironment,17,0,0,0,7,0,5,0,5,0
Core XMPP Server,org.jivesoftware.openfire.container,PluginIconServlet,155,0,26,0,25,0,16,0,3,0
Core XMPP Server,org.jivesoftware.openfire.container,PluginClassLoader.new FilenameFilter() {...},18,0,4,0,2,0,4,0,2,0
Core XMPP Server,org.jivesoftware.openfire.container,PluginClassLoader,246,0,28,0,54,0,20,0,6,0
Core XMPP Server,org.jivesoftware.openfire.container,PluginServletContext,324,0,4,0,76,0,56,0,54,0
Core XMPP Server,org.jivesoftware.openfire.container,AdminConsolePlugin,795,0,72,0,179,0,52,0,16,0
Core XMPP Server,org.jivesoftware.openfire.container,IsPluginInstalledTask,37,0,2,0,12,0,7,0,6,0
Core XMPP Server,org.jivesoftware.openfire.container,CacheInfo,21,0,0,0,8,0,4,0,4,0
Core XMPP Server,org.jivesoftware.openfire.container,AdminConsolePlugin.CertificateListener,12,0,0,0,3,0,2,0,2,0
Core XMPP Server,org.jivesoftware.openfire.container,PluginServlet.new FilterConfig() {...},59,0,8,0,11,0,9,0,5,0
Core XMPP Server,org.jivesoftware.openfire.container,PluginMonitor.MonitorTask.Node,19,0,0,0,3,0,2,0,2,0
Core XMPP Server,org.jivesoftware.openfire.container,PluginServlet,1213,0,118,0,253,0,73,0,14,0
Core XMPP Server,org.jivesoftware.openfire.container,PluginMetadataHelper.new EntityResolver() {...},19,0,0,0,2,0,2,0,2,0
Core XMPP Server,org.jivesoftware.openfire.container,PluginMonitor.PluginToLoad,51,0,8,0,14,0,8,0,4,0
Core XMPP Server,org.jivesoftware.openfire.container,PluginMonitor,181,0,30,0,48,0,28,0,12,0
Core XMPP Server,org.jivesoftware.openfire.container,PluginCacheRegistry,265,0,28,0,66,0,23,0,9,0
Core XMPP Server,org.jivesoftware.openfire.pep,PEPServiceInfo,9,0,0,0,2,0,1,0,1,0
Core XMPP Server,org.jivesoftware.openfire.pep,IQPEPHandler.GetNotificationsOnInitialPresence,60,0,10,0,15,0,7,0,2,0
Core XMPP Server,org.jivesoftware.openfire.pep,IQPEPHandler,843,0,84,0,237,0,76,0,34,0
Core XMPP Server,org.jivesoftware.openfire.pep,IQPEPOwnerHandler,19,0,0,0,5,0,3,0,3,0
Core XMPP Server,org.jivesoftware.openfire.pep,PEPServiceManager,338,0,26,0,82,0,26,0,13,0
Core XMPP Server,org.jivesoftware.openfire.pep,PEPService,716,0,68,0,184,0,60,0,26,0
Core XMPP Server,org.jivesoftware.openfire.pubsub.cluster,NodeChangeTask,47,0,2,0,17,0,8,0,7,0
Core XMPP Server,org.jivesoftware.openfire.pubsub.cluster,NewSubscriptionTask,68,0,10,0,18,0,9,0,4,0
Core XMPP Server,org.jivesoftware.openfire.pubsub.cluster,FlushTask,10,0,0,0,7,0,5,0,5,0
Core XMPP Server,org.jivesoftware.openfire.pubsub.cluster,AffiliationTask,119,0,2,0,27,0,10,0,9,0
Core XMPP Server,org.jivesoftware.openfire.pubsub.cluster,ModifySubscriptionTask,24,0,0,0,8,0,4,0,4,0
Core XMPP Server,org.jivesoftware.openfire.pubsub.cluster,NodeTask,83,0,6,0,20,0,11,0,8,0
Core XMPP Server,org.jivesoftware.openfire.pubsub.cluster,RefreshNodeTask,22,0,0,0,8,0,4,0,4,0
Core XMPP Server,org.jivesoftware.openfire.pubsub.cluster,CancelSubscriptionTask,28,0,2,0,11,0,5,0,4,0
Core XMPP Server,org.jivesoftware.openfire.pubsub.cluster,RemoveNodeTask,22,0,0,0,8,0,4,0,4,0
Core XMPP Server,org.jivesoftware.openfire.pubsub.cluster,SubscriptionTask,149,0,2,0,28,0,11,0,10,0
Core XMPP Server,org.jivesoftware.openfire.lockout,LockOutManager,252,0,38,0,69,0,31,0,12,0
Core XMPP Server,org.jivesoftware.openfire.lockout,LockOutFlag,132,0,8,0,32,0,14,0,10,0
Core XMPP Server,org.jivesoftware.openfire.lockout,DefaultLockOutProvider,235,0,10,0,63,0,14,0,9,0
Core XMPP Server,org.jivesoftware.openfire.lockout,LockOutManager.LockOutManagerContainer,9,0,0,0,2,0,2,0,2,0
Core XMPP Server,org.jivesoftware.openfire.lockout,LockOutEventDispatcher,99,0,14,0,33,0,14,0,7,0
Core XMPP Server,org.jivesoftware.openfire.event,UserEventDispatcher,28,38,4,4,11,12,6,4,2,3
Core XMPP Server,org.jivesoftware.openfire.event,GroupEventAdapter,10,0,0,0,8,0,8,0,8,0
Core XMPP Server,org.jivesoftware.openfire.event,UserEventDispatcher.new Object() {...},3,23,0,0,0,1,0,1,0,1
Core XMPP Server,org.jivesoftware.openfire.event,GroupEventDispatcher.EventType,88,0,0,0,8,0,4,0,4,0
Core XMPP Server,org.jivesoftware.openfire.event,SessionEventDispatcher,71,0,10,0,27,0,12,0,5,0
Core XMPP Server,org.jivesoftware.openfire.event,SessionEventDispatcher.EventType,68,0,0,0,6,0,4,0,4,0
Core XMPP Server,org.jivesoftware.openfire.event,GroupEventDispatcher,86,0,12,0,31,0,14,0,5,0
Core XMPP Server,org.jivesoftware.openfire.event,SessionEventDispatcher.new Object() {...},40,0,0,0,1,0,1,0,1,0
Core XMPP Server,org.jivesoftware.openfire.event,UserEventAdapter,6,0,0,0,4,0,4,0,4,0
Core XMPP Server,org.jivesoftware.openfire.event,UserEventDispatcher.EventType,5,43,0,0,0,4,1,3,1,3
Core XMPP Server,org.jivesoftware.openfire.event,GroupEventDispatcher.new Object() {...},54,0,0,0,1,0,1,0,1,0
Core XMPP Server,org.jivesoftware.openfire.group,GroupAlreadyExistsException,16,0,0,0,8,0,4,0,4,0
Core XMPP Server,org.jivesoftware.openfire.group,Group.MemberCollection,162,0,22,0,35,0,15,0,4,0
Core XMPP Server,org.jivesoftware.openfire.group,GroupManager.new UserEventListener() {...},13,0,0,0,5,0,4,0,4,0
Core XMPP Server,org.jivesoftware.openfire.group,GroupManager.new GroupEventListener() {...},285,0,28,0,63,0,22,0,8,0
Core XMPP Server,org.jivesoftware.openfire.group,DefaultGroupPropertyMap.EntryWrapper,63,0,8,0,15,0,8,0,4,0
Core XMPP Server,org.jivesoftware.openfire.group,DefaultGroupProvider,990,0,48,0,250,0,44,0,20,0
Core XMPP Server,org.jivesoftware.openfire.group,GroupCollection.GroupIterator,100,0,16,0,28,0,13,0,5,0
Core XMPP Server,org.jivesoftware.openfire.group,ConcurrentGroupList,362,0,44,0,101,0,40,0,18,0
Core XMPP Server,org.jivesoftware.openfire.group,DefaultGroupPropertyMap.EntryIterator,46,0,2,0,12,0,5,0,4,0
Core XMPP Server,org.jivesoftware.openfire.group,DefaultGroupPropertyMap.PersistenceAwareEntrySet,95,0,2,0,23,0,17,0,16,0
Core XMPP Server,org.jivesoftware.openfire.group,JDBCGroupProvider,516,0,28,0,133,0,23,0,9,0
Core XMPP Server,org.jivesoftware.openfire.group,GroupNotFoundException,16,0,0,0,8,0,4,0,4,0
Core XMPP Server,org.jivesoftware.openfire.group,GroupCollection,27,0,0,0,8,0,4,0,4,0
Core XMPP Server,org.jivesoftware.openfire.group,DefaultGroupPropertyMap.PersistenceAwareKeySet,22,0,0,0,5,0,3,0,3,0
Core XMPP Server,org.jivesoftware.openfire.group,GroupManager,1153,0,94,0,247,0,105,0,57,0
Core XMPP Server,org.jivesoftware.openfire.group,Group,559,0,66,0,128,0,56,0,23,0
Core XMPP Server,org.jivesoftware.openfire.group,ConcurrentGroupMap,450,0,72,0,123,0,53,0,17,0
Core XMPP Server,org.jivesoftware.openfire.group,DefaultGroupPropertyMap.KeyIterator,38,0,2,0,11,0,5,0,4,0
Core XMPP Server,org.jivesoftware.openfire.group,GroupManager.GroupManagerContainer,9,0,0,0,2,0,2,0,2,0
Core XMPP Server,org.jivesoftware.openfire.group,DefaultGroupPropertyMap,369,0,14,0,91,0,20,0,13,0
Core XMPP Server,org.jivesoftware.openfire.group,AbstractGroupProvider,429,0,16,0,105,0,28,0,20,0
Core XMPP Server,org.jivesoftware.openfire.group,Group.MemberCollection.new Iterator() {...},96,0,6,0,22,0,7,0,4,0
Core XMPP Server,org.jivesoftware.openfire.group,GroupJID,87,106,22,12,23,21,22,8,5,8
Core XMPP Server,org.jivesoftware.openfire.net,DNSUtil,373,224,47,25,77,56,33,13,7,3
Core XMPP Server,org.jivesoftware.openfire.net,ServerTrafficCounter.InputStreamWrapper,71,0,6,0,24,0,13,0,10,0
Core XMPP Server,org.jivesoftware.openfire.net,ServerTrafficCounter.new Statistic() {...},23,0,0,0,7,0,7,0,7,0
Core XMPP Server,org.jivesoftware.openfire.net,ServerTrafficCounter.new Statistic() {...},23,0,0,0,7,0,7,0,7,0
Core XMPP Server,org.jivesoftware.openfire.net,ServerTrustManager,66,0,6,0,25,0,9,0,6,0
Core XMPP Server,org.jivesoftware.openfire.net,ServerTrafficCounter.OutputStreamWrapper,41,0,0,0,16,0,6,0,6,0
Core XMPP Server,org.jivesoftware.openfire.net,OCSPChecker,608,0,76,0,152,0,44,0,6,0
Core XMPP Server,org.jivesoftware.openfire.net,SASLAuthentication.ElementType,92,0,4,0,12,0,7,0,5,0
Core XMPP Server,org.jivesoftware.openfire.net,SocketConnection,911,0,88,0,244,0,97,0,53,0
Core XMPP Server,org.jivesoftware.openfire.net,SocketAcceptThread,64,0,2,0,14,0,7,0,6,0
Core XMPP Server,org.jivesoftware.openfire.net,SocketSendingTracker.new Thread() {...},33,0,2,0,9,0,3,0,2,0
Core XMPP Server,org.jivesoftware.openfire.net,StalledSessionsFilter,68,0,4,0,13,0,5,0,3,0
Core XMPP Server,org.jivesoftware.openfire.net,VirtualConnection,173,0,10,0,54,0,34,0,29,0
Core XMPP Server,org.jivesoftware.openfire.net,ClientStanzaHandler,67,0,2,0,23,0,12,0,11,0
Core XMPP Server,org.jivesoftware.openfire.net,TLSStreamWriter,138,0,16,0,35,0,15,0,7,0
Core XMPP Server,org.jivesoftware.openfire.net,SASLAuthentication.Status,48,0,0,0,4,0,4,0,4,0
Core XMPP Server,org.jivesoftware.openfire.net,MulticastDNSService.new TimerTask() {...},90,0,8,0,20,0,6,0,2,0
Core XMPP Server,org.jivesoftware.openfire.net,MulticastDNSService.new PropertyEventListener() {...},38,0,8,0,13,0,9,0,5,0
Core XMPP Server,org.jivesoftware.openfire.net,ServerStanzaHandler,174,0,22,0,44,0,24,0,13,0
Core XMPP Server,org.jivesoftware.openfire.net,SocketAcceptingMode,70,0,4,0,22,0,6,0,4,0
Core XMPP Server,org.jivesoftware.openfire.net,TLSWrapper.new Object() {...},19,0,0,0,1,0,1,0,1,0
Core XMPP Server,org.jivesoftware.openfire.net,SASLAuthentication.new Object() {...},26,0,0,0,1,0,1,0,1,0
Core XMPP Server,org.jivesoftware.openfire.net,SASLAuthentication.new PropertyEventListener() {...},17,0,4,0,9,0,7,0,5,0
Core XMPP Server,org.jivesoftware.openfire.net,DNSUtil.HostAddress,32,16,1,1,5,6,5,1,4,1
Core XMPP Server,org.jivesoftware.openfire.net,SocketReadingMode,478,0,34,0,110,0,26,0,9,0
Core XMPP Server,org.jivesoftware.openfire.net,TLSStreamReader.new InputStream() {...},72,0,8,0,16,0,7,0,3,0
Core XMPP Server,org.jivesoftware.openfire.net,ClientTrustManager,623,0,44,0,151,0,28,0,6,0
Core XMPP Server,org.jivesoftware.openfire.net,ServerTrafficCounter.WritableByteChannelWrapper,24,0,0,0,9,0,4,0,4,0
Core XMPP Server,org.jivesoftware.openfire.net,TLSStreamHandler.new Object() {...},58,0,0,0,2,0,1,0,1,0
Core XMPP Server,org.jivesoftware.openfire.net,SASLAuthentication,985,0,153,0,232,0,101,0,19,0
Core XMPP Server,org.jivesoftware.openfire.net,StanzaHandler,1275,0,142,0,300,0,92,0,21,0
Core XMPP Server,org.jivesoftware.openfire.net,TLSStatus,68,0,0,0,6,0,4,0,4,0
Core XMPP Server,org.jivesoftware.openfire.net,ServerTrafficCounter.ReadableByteChannelWrapper,27,0,2,0,10,0,5,0,4,0
Core XMPP Server,org.jivesoftware.openfire.net,MXParser,549,251,108,48,103,71,71,12,2,3
Core XMPP Server,org.jivesoftware.openfire.net,XMLSocketWriter,24,0,0,0,8,0,2,0,2,0
Core XMPP Server,org.jivesoftware.openfire.net,XMPPCallbackHandler,159,0,32,0,44,0,19,0,3,0
Core XMPP Server,org.jivesoftware.openfire.net,MulticastDNSService,45,0,6,0,18,0,9,0,6,0
Core XMPP Server,org.jivesoftware.openfire.net,ServerTrafficCounter,67,0,0,0,22,0,11,0,11,0
Core XMPP Server,org.jivesoftware.openfire.net,TLSStreamWriter.new OutputStream() {...},64,0,0,0,12,0,3,0,3,0
Core XMPP Server,org.jivesoftware.openfire.net,SocketUtil,190,0,4,0,29,0,5,0,3,0
Core XMPP Server,org.jivesoftware.openfire.net,ComponentStanzaHandler,381,0,36,0,98,0,31,0,13,0
Core XMPP Server,org.jivesoftware.openfire.net,DNSUtil.WeightedHostAddress,36,19,0,0,5,6,1,3,1,3
Core XMPP Server,org.jivesoftware.openfire.net,SocketSendingTracker,66,0,2,0,19,0,7,0,6,0
Core XMPP Server,org.jivesoftware.openfire.net,MultiplexerStanzaHandler,198,0,18,0,53,0,22,0,13,0
Core XMPP Server,org.jivesoftware.openfire.net,SocketReader,674,0,48,0,166,0,38,0,14,0
Core XMPP Server,org.jivesoftware.openfire.net,TLSWrapper,265,0,33,0,71,0,32,0,15,0
Core XMPP Server,org.jivesoftware.openfire.net,SocketPacketWriteHandler,101,0,16,0,19,0,11,0,3,0
Core XMPP Server,org.jivesoftware.openfire.net,TLSStreamHandler,418,0,55,0,98,0,41,0,11,0
Core XMPP Server,org.jivesoftware.openfire.net,BlockingReadingMode,795,0,62,0,90,0,39,0,8,0
Core XMPP Server,org.jivesoftware.openfire.net,BlockingAcceptingMode,76,0,6,0,20,0,6,0,3,0
Core XMPP Server,org.jivesoftware.openfire.net,TLSStreamReader,119,0,16,0,31,0,13,0,5,0
Core XMPP Server,org.jivesoftware.openfire.net,ServerSocketReader,252,0,18,0,65,0,22,0,13,0
Core XMPP Server,org.jivesoftware.openfire.crowd.jaxb,Groups,3,0,0,0,1,0,1,0,1,0
Core XMPP Server,org.jivesoftware.openfire.crowd.jaxb,Users,3,0,0,0,1,0,1,0,1,0
Core XMPP Server,org.jivesoftware.openfire.crowd.jaxb,AuthenticatePost,3,0,0,0,1,0,1,0,1,0
Core XMPP Server,org.jivesoftware.openfire.crowd.jaxb,User,26,0,2,0,4,0,3,0,2,0
Core XMPP Server,org.jivesoftware.openfire.crowd.jaxb,Group,3,0,0,0,1,0,1,0,1,0
Core XMPP Server,org.jivesoftware.openfire.pubsub.models,RosterAccess,98,0,12,0,30,0,14,0,8,0
Core XMPP Server,org.jivesoftware.openfire.pubsub.models,AuthorizeAccess,49,0,8,0,17,0,11,0,7,0
Core XMPP Server,org.jivesoftware.openfire.pubsub.models,OpenAccess,15,0,0,0,8,0,7,0,7,0
Core XMPP Server,org.jivesoftware.openfire.pubsub.models,OpenPublisher,7,0,0,0,3,0,3,0,3,0
Core XMPP Server,org.jivesoftware.openfire.pubsub.models,WhitelistAccess,40,0,6,0,13,0,10,0,7,0
Core XMPP Server,org.jivesoftware.openfire.pubsub.models,OnlyPublishers,23,0,6,0,6,0,6,0,3,0
Core XMPP Server,org.jivesoftware.openfire.pubsub.models,PresenceAccess,93,0,14,0,25,0,15,0,8,0
Core XMPP Server,org.jivesoftware.openfire.pubsub.models,OnlySubscribers,46,0,12,0,14,0,9,0,3,0
Core XMPP Server,org.jivesoftware.openfire.pubsub.models,PublisherModel,46,0,6,0,11,0,6,0,3,0
Core XMPP Server,org.jivesoftware.openfire.pubsub.models,AccessModel,66,0,10,0,17,0,8,0,3,0
Core XMPP Server,org.jivesoftware.openfire.ldap,LdapAuthProvider,159,4,22,0,41,1,21,1,10,1
Core XMPP Server,org.jivesoftware.openfire.ldap,LdapGroupProvider,719,0,58,0,150,0,41,0,12,0
Core XMPP Server,org.jivesoftware.openfire.ldap,LdapAuthorizationPolicy,113,0,10,0,29,0,10,0,5,0
Core XMPP Server,org.jivesoftware.openfire.ldap,LdapVCardProvider.VCardTemplate,86,0,6,0,20,0,7,0,4,0
Core XMPP Server,org.jivesoftware.openfire.ldap,LdapManager,3243,773,444,51,727,187,304,16,63,5
Core XMPP Server,org.jivesoftware.openfire.ldap,LdapManager.new Map() {...},26,7,0,0,13,2,11,2,11,2
Core XMPP Server,org.jivesoftware.openfire.ldap,LdapVCardProvider.VCard,109,0,10,0,23,0,8,0,3,0
Core XMPP Server,org.jivesoftware.openfire.ldap,LdapManager.DNCacheEntry,87,0,20,0,17,0,15,0,5,0
Core XMPP Server,org.jivesoftware.openfire.ldap,LdapVCardProvider,646,0,82,0,155,0,58,0,17,0
Core XMPP Server,org.jivesoftware.openfire.ldap,LdapAuthorizationMapping,192,0,16,0,46,0,13,0,5,0
Core XMPP Server,org.jivesoftware.openfire.ldap,LdapUserProvider,762,0,58,0,159,0,50,0,21,0
Core XMPP Server,org.dom4j.io,XMPPPacketReader,266,289,30,43,65,67,40,27,20,7
Core XMPP Server,org.jivesoftware.openfire.crowd,CrowdGroupProvider.GroupSynch,64,0,4,0,21,0,4,0,2,0
Core XMPP Server,org.jivesoftware.openfire.crowd,CrowdUserProvider,498,0,42,0,90,0,41,0,20,0
Core XMPP Server,org.jivesoftware.openfire.crowd,CrowdGroupProvider,466,0,36,0,103,0,31,0,13,0
Core XMPP Server,org.jivesoftware.openfire.crowd,CrowdProperties,160,0,12,0,34,0,19,0,13,0
Core XMPP Server,org.jivesoftware.openfire.crowd,CrowdAuthProvider,112,0,12,0,31,0,17,0,11,0
Core XMPP Server,org.jivesoftware.openfire.crowd,CrowdManager,1264,0,140,0,220,0,82,0,12,0
Core XMPP Server,org.jivesoftware.openfire.crowd,CrowdVCardProvider,289,0,16,0,62,0,13,0,5,0
Core XMPP Server,org.jivesoftware.openfire.crowd,CrowdUserProvider.UserSynch,101,0,6,0,28,0,5,0,2,0
Core XMPP Server,org.jivesoftware.openfire.crowd,CrowdAdminProvider,119,0,16,0,26,0,13,0,5,0
Core XMPP Server,org.jivesoftware.openfire.nio,XMLLightweightParser.PropertyListener,14,15,4,2,4,7,3,5,0,5
Core XMPP Server,org.jivesoftware.openfire.nio,XMLNotWellFormedException,16,0,0,0,8,0,4,0,4,0
Core XMPP Server,org.jivesoftware.openfire.nio,XMPPDecoder,41,0,6,0,7,0,5,0,2,0
Core XMPP Server,org.jivesoftware.openfire.nio,XMPPCodecFactory,19,0,0,0,6,0,3,0,3,0
Core XMPP Server,org.jivesoftware.openfire.nio,ClientConnectionHandler,115,0,10,0,24,0,11,0,6,0
Core XMPP Server,org.jivesoftware.openfire.nio,NIOConnection,613,0,52,0,170,0,65,0,39,0
Core XMPP Server,org.jivesoftware.openfire.nio,ComponentConnectionHandler,26,0,0,0,5,0,4,0,4,0
Core XMPP Server,org.jivesoftware.openfire.nio,MultiplexerConnectionHandler,27,0,0,0,5,0,4,0,4,0
Core XMPP Server,org.jivesoftware.openfire.nio,ServerConnectionHandler,26,0,0,0,5,0,4,0,4,0
Core XMPP Server,org.jivesoftware.openfire.nio,ConnectionHandler,275,0,28,0,73,0,24,0,10,0
Core XMPP Server,org.jivesoftware.openfire.nio,ConnectionHandler.new ThreadLocal() {...},12,0,0,0,4,0,2,0,2,0
Core XMPP Server,org.jivesoftware.openfire.nio,OfflinePacketDeliverer,42,0,6,0,10,0,6,0,3,0
Core XMPP Server,org.jivesoftware.openfire.nio,XMPPEncoder,4,0,0,0,2,0,2,0,2,0
Core XMPP Server,org.jivesoftware.openfire.nio,XMLLightweightParser,847,136,135,27,185,20,74,16,6,3
Core XMPP Server,org.jivesoftware.openfire.nio,NIOConnection.ThreadLocalEncoder,10,0,0,0,4,0,2,0,2,0
Core XMPP Server,org.jivesoftware.openfire.cluster,ClusterManager.EventType,48,0,0,0,4,0,4,0,4,0
Core XMPP Server,org.jivesoftware.openfire.cluster,GetBasicStatistics,87,0,0,0,18,0,5,0,5,0
Core XMPP Server,org.jivesoftware.openfire.cluster,ClusterManager.new Object() {...},26,0,0,0,1,0,1,0,1,0
Core XMPP Server,org.jivesoftware.openfire.cluster,ClusterManager.new PropertyEventListener() {...},8,11,1,1,1,6,1,5,0,5
Core XMPP Server,org.jivesoftware.openfire.cluster,ClusterManager.new Thread() {...},85,0,18,0,30,0,12,0,2,0
Core XMPP Server,org.jivesoftware.openfire.cluster,ClusterManager.new ClusterEventListener() {...},14,0,0,0,7,0,6,0,6,0
Core XMPP Server,org.jivesoftware.openfire.cluster,NodeID,68,52,12,4,20,14,12,8,6,6
Core XMPP Server,org.jivesoftware.openfire.cluster,ClusterManager.1.new Runnable() {...},22,0,2,0,6,0,3,0,2,0
Core XMPP Server,org.jivesoftware.openfire.cluster,ClusterManager,265,48,36,2,89,18,39,7,20,7
Core XMPP Server,org.jivesoftware.openfire.cluster,ClusterManager.Event,35,0,0,0,10,0,6,0,6,0
Core XMPP Server,org.jivesoftware.openfire.cluster,ClusterMonitor,68,221,4,6,13,47,10,11,6,10
Core XMPP Server,org.jivesoftware.openfire.handler,IQRegisterInfo,56,0,0,0,1,0,1,0,1,0
Core XMPP Server,org.jivesoftware.openfire.handler,IQHandler,88,8,4,0,28,3,4,2,2,2
Core XMPP Server,org.jivesoftware.openfire.handler,IQLastActivityHandler,155,0,22,0,38,0,16,0,5,0
Core XMPP Server,org.jivesoftware.openfire.handler,DirectedPresence,83,0,0,0,23,0,10,0,10,0
Core XMPP Server,org.jivesoftware.openfire.handler,IQRegisterHandler,886,0,124,0,232,0,72,0,10,0
Core XMPP Server,org.jivesoftware.openfire.handler,IQSharedGroupHandler,89,0,8,0,22,0,8,0,4,0
Core XMPP Server,org.jivesoftware.openfire.handler,IQvCardHandler,212,0,26,0,63,0,18,0,5,0
Core XMPP Server,org.jivesoftware.openfire.handler,IQMessageCarbonsHandler,76,0,6,0,21,0,7,0,4,0
Core XMPP Server,org.jivesoftware.openfire.handler,PresenceSubscribeHandler.Change,21,0,0,0,8,0,4,0,4,0
Core XMPP Server,org.jivesoftware.openfire.handler,IQBindHandler,233,0,16,0,66,0,13,0,5,0
Core XMPP Server,org.jivesoftware.openfire.handler,PresenceSubscribeHandler,927,0,90,0,180,0,53,0,8,0
Core XMPP Server,org.jivesoftware.openfire.handler,IQBlockingHandler,829,0,96,0,182,0,60,0,12,0
Core XMPP Server,org.jivesoftware.openfire.handler,IQEntityTimeHandler,1,108,1,1,0,18,1,6,0,6
Core XMPP Server,org.jivesoftware.openfire.handler,IQSessionEstablishmentHandler,19,0,0,0,6,0,3,0,3,0
Core XMPP Server,org.jivesoftware.openfire.handler,IQRosterHandler,454,0,50,0,115,0,35,0,10,0
Core XMPP Server,org.jivesoftware.openfire.handler,IQPrivacyHandler,644,0,70,0,162,0,51,0,16,0
Core XMPP Server,org.jivesoftware.openfire.handler,PresenceUpdateHandler,993,0,136,0,250,0,86,0,18,0
Core XMPP Server,org.jivesoftware.openfire.handler,IQVersionHandler,110,0,6,0,26,0,7,0,4,0
Core XMPP Server,org.jivesoftware.openfire.handler,IQPrivateHandler,115,0,6,0,30,0,8,0,5,0
Core XMPP Server,org.jivesoftware.openfire.handler,IQOfflineMessagesHandler,341,0,24,0,82,0,27,0,15,0
Core XMPP Server,org.jivesoftware.openfire.handler,IQPingHandler,28,0,2,0,8,0,5,0,4,0
Core XMPP Server,org.jivesoftware.openfire.component,ExternalComponentConfiguration.Permission,38,0,0,0,3,0,4,0,4,0
Core XMPP Server,org.jivesoftware.openfire.component,ExternalComponentConfiguration,35,0,0,0,14,0,7,0,7,0
Core XMPP Server,org.jivesoftware.openfire.component,ExternalComponentManager,774,0,68,0,205,0,60,0,26,0
Core XMPP Server,org.jivesoftware.openfire.component,RequestComponentInfoNotification,56,0,2,0,18,0,7,0,6,0
Core XMPP Server,org.jivesoftware.openfire.component,InternalComponentManager.RoutableComponents,118,0,0,0,29,0,10,0,10,0
Core XMPP Server,org.jivesoftware.openfire.component,InternalComponentManager,1147,0,96,0,269,0,92,0,44,0
Core XMPP Server,org.jivesoftware.openfire.component,ExternalComponentManager.PermissionPolicy,38,0,0,0,3,0,4,0,4,0
Core XMPP Server,org.jivesoftware.openfire.component,NotifyComponentRegistered,29,0,0,0,12,0,6,0,6,0
Core XMPP Server,org.jivesoftware.openfire.component,NotifyComponentUnregistered,35,0,0,0,14,0,6,0,6,0
Core XMPP Server,org.jivesoftware.openfire.component,NotifyComponentInfo,43,0,0,0,15,0,6,0,6,0
Core XMPP Server,org.jivesoftware.openfire.component,InternalComponentManager.new IQResultListener() {...},26,0,0,0,5,0,3,0,3,0
Core XMPP Server,org.jivesoftware.openfire.mediaproxy,MediaProxySession.new TimerTask() {...},28,0,2,0,7,0,3,0,2,0
Core XMPP Server,org.jivesoftware.openfire.mediaproxy,MediaProxySession.new TimerTask() {...},10,0,0,0,3,0,2,0,2,0
Core XMPP Server,org.jivesoftware.openfire.mediaproxy,RelaySession,100,0,0,0,15,0,4,0,4,0
Core XMPP Server,org.jivesoftware.openfire.mediaproxy,MediaProxyService,680,0,48,0,180,0,55,0,31,0
Core XMPP Server,org.jivesoftware.openfire.mediaproxy,Echo,130,0,8,0,29,0,8,0,4,0
Core XMPP Server,org.jivesoftware.openfire.mediaproxy,MediaProxy,187,0,8,0,49,0,21,0,17,0
Core XMPP Server,org.jivesoftware.openfire.mediaproxy,MediaProxySession,611,0,22,0,167,0,41,0,30,0
Core XMPP Server,org.jivesoftware.openfire.mediaproxy,DynamicAddressChannel,42,0,2,0,11,0,4,0,3,0
Core XMPP Server,org.jivesoftware.openfire.mediaproxy,Channel,178,0,20,0,55,0,22,0,12,0
Core XMPP Server,org.apache.mina.management,MINAStatCollector.IoSessionStat,57,0,0,0,18,0,9,0,9,0
Core XMPP Server,org.apache.mina.management,MINAStatCollector.new IoServiceListener() {...},20,0,0,0,9,0,7,0,7,0
Core XMPP Server,org.apache.mina.management,MINAStatCollector.Worker,222,0,8,0,51,0,6,0,2,0
Core XMPP Server,org.apache.mina.management,MINAStatCollector,326,0,18,0,71,0,25,0,16,0
Core XMPP Server,org.jivesoftware.openfire.forms.spi,XFormFieldImpl,362,0,30,0,83,0,38,0,23,0
Core XMPP Server,org.jivesoftware.openfire.forms.spi,XDataFormImpl,458,0,44,0,117,0,42,0,20,0
Core XMPP Server,org.jivesoftware.openfire.forms.spi,XFormFieldImpl.Option,41,0,4,0,12,0,6,0,4,0
Core XMPP Server,org.jivesoftware.openfire.websocket,OpenfireWebSocketServlet.new WebSocketCreator() {...},71,0,4,0,11,0,4,0,2,0
Core XMPP Server,org.jivesoftware.openfire.websocket,XmppWebSocket,790,0,78,0,170,0,60,0,21,0
Core XMPP Server,org.jivesoftware.openfire.websocket,StreamManagementPacketRouter,59,0,10,0,14,0,9,0,4,0
Core XMPP Server,org.jivesoftware.openfire.websocket,XMPPPPacketReaderFactory,51,0,0,0,18,0,5,0,5,0
Core XMPP Server,org.jivesoftware.openfire.websocket,XmppWebSocket.PingTask,72,0,6,0,17,0,5,0,2,0
Core XMPP Server,org.jivesoftware.openfire.websocket,WebSocketConnection,131,0,8,0,38,0,18,0,14,0
Core XMPP Server,org.jivesoftware.openfire.websocket,OpenfireWebSocketServlet,73,0,10,0,19,0,9,0,4,0
Core XMPP Server,org.jivesoftware.util.cache,DefaultCache,348,336,27,15,80,87,38,15,21,11
Core XMPP Server,org.jivesoftware.util.cache,ExternalizableUtil,212,0,0,0,58,0,37,0,37,0
Core XMPP Server,org.jivesoftware.util.cache,Cache,4,0,0,0,1,0,1,0,1,0
Core XMPP Server,org.jivesoftware.util.cache,DefaultCache.CacheObject,0,12,0,0,0,5,0,1,0,1
Core XMPP Server,org.jivesoftware.util.cache,DefaultLocalCacheStrategy.LockAndCount,6,0,0,0,3,0,1,0,1,0
Core XMPP Server,org.jivesoftware.util.cache,CacheFactory,713,811,66,10,151,156,66,15,31,12
Core XMPP Server,org.jivesoftware.util.cache,CacheSizes,152,46,21,11,45,15,21,7,8,4
Core XMPP Server,org.jivesoftware.util.cache,DummyExternalizableUtil,53,0,0,0,33,0,33,0,33,0
Core XMPP Server,org.jivesoftware.util.cache,CannotCalculateSizeException,17,0,0,0,4,0,2,0,2,0
Core XMPP Server,org.jivesoftware.util.cache,CacheSizes.NullOutputStream,31,0,0,0,9,0,5,0,5,0
Core XMPP Server,org.jivesoftware.util.cache,CacheFactory.2.new ClusterEventListener() {...},18,0,0,0,8,0,6,0,6,0
Core XMPP Server,org.jivesoftware.util.cache,CacheFactory.2.new XMPPServerListener() {...},13,0,0,0,4,0,3,0,3,0
Core XMPP Server,org.jivesoftware.util.cache,ComponentCacheWrapper,5,0,0,0,3,0,2,0,2,0
Core XMPP Server,org.jivesoftware.util.cache,CacheFactory.new PropertyEventListener() {...},34,24,7,1,7,10,4,5,0,5
Core XMPP Server,org.jivesoftware.util.cache,CacheFactory.new Thread() {...},45,0,4,0,15,0,4,0,2,0
Core XMPP Server,org.jivesoftware.util.cache,DefaultLocalCacheStrategy,155,28,8,0,41,10,21,6,17,6
Core XMPP Server,org.jivesoftware.util.cache,CacheUtil,565,0,48,0,135,0,34,0,10,0
Core XMPP Server,org.jivesoftware.util.cache,CacheWrapper,85,28,0,0,23,9,19,5,19,5
Core XMPP Server,org.jivesoftware.util.cache,DefaultLocalCacheStrategy.LocalLock,37,0,0,0,11,0,7,0,7,0
Core XMPP Server,org.jivesoftware.openfire.streammanagement,StreamManager,1206,0,136,0,241,0,93,0,22,0
Core XMPP Server,org.jivesoftware.openfire.streammanagement,StreamManager.UnackedPacket,14,0,0,0,5,0,1,0,1,0
Core XMPP Server,org.jivesoftware.openfire.user.property,MappedUserPropertyProvider,140,0,8,0,37,0,13,0,9,0
Core XMPP Server,org.jivesoftware.openfire.user.property,DefaultUserPropertyProvider,255,7,4,0,70,2,8,2,6,2
Core XMPP Server,org.jivesoftware.openfire.user.property,HybridUserPropertyProvider,212,0,34,0,66,0,25,0,8,0
Core XMPP Server,org.jivesoftware.openfire.user.property,JDBCUserPropertyProvider,204,0,8,0,59,0,13,0,9,0
Core XMPP Server,org.jivesoftware.openfire.resultsetmanager,ResultSetImpl,263,0,40,0,60,0,30,0,10,0
Core XMPP Server,org.jivesoftware.openfire.resultsetmanager,ResultSet,316,0,58,0,90,0,39,0,10,0
Core XMPP Server,org.jivesoftware.openfire.resultsetmanager,ResultSet.Itr,34,0,2,0,5,0,5,0,4,0
Core XMPP Server,org.jivesoftware.openfire.keystore,CertificateStoreManager,987,0,88,0,192,0,66,0,22,0
Core XMPP Server,org.jivesoftware.openfire.keystore,CertificateStoreWatcher.new Runnable() {...},178,0,20,0,40,0,12,0,2,0
Core XMPP Server,org.jivesoftware.openfire.keystore,CertificateStoreConfigException,23,0,0,0,10,0,5,0,5,0
Core XMPP Server,org.jivesoftware.openfire.keystore,CertificateStoreWatcher,208,0,16,0,53,0,13,0,5,0
Core XMPP Server,org.jivesoftware.openfire.keystore,TrustStore,265,0,28,0,67,0,19,0,5,0
Core XMPP Server,org.jivesoftware.openfire.keystore,OpenfireX509TrustManager,54,378,5,29,14,77,6,17,1,5
Core XMPP Server,org.jivesoftware.openfire.keystore,CertificateStoreConfiguration,155,0,22,0,28,0,19,0,8,0
Core XMPP Server,org.jivesoftware.openfire.keystore,IdentityStore,1177,0,154,0,244,0,99,0,21,0
Core XMPP Server,org.jivesoftware.openfire.keystore,CertificateStore,473,0,48,0,69,0,33,0,9,0
Core XMPP Server,org.jivesoftware.openfire.keystore,CertificateUtils,71,298,18,46,14,70,19,22,1,8
Core XMPP Server,org.jivesoftware.openfire.stanzaid,StanzaIDUtil,33,124,15,17,8,31,13,7,1,3
Core XMPP Server,org.jivesoftware.openfire.commands.admin.user,UserProperties,150,0,6,0,48,0,12,0,9,0
Core XMPP Server,org.jivesoftware.openfire.commands.admin.user,AddUser,301,0,26,0,82,0,22,0,9,0
Core XMPP Server,org.jivesoftware.openfire.commands.admin.user,AuthenticateUser,174,0,6,0,53,0,12,0,9,0
Core XMPP Server,org.jivesoftware.openfire.commands.admin.user,ChangeUserPassword,161,0,8,0,47,0,13,0,9,0
Core XMPP Server,org.jivesoftware.openfire.commands.admin.user,DeleteUser,204,0,16,0,56,0,17,0,9,0
Core XMPP Server,org.jivesoftware.openfire.update,UpdateManager.new Thread() {...},111,0,10,0,29,0,8,0,3,0
Core XMPP Server,org.jivesoftware.openfire.update,Update,37,0,0,0,14,0,8,0,8,0
Core XMPP Server,org.jivesoftware.openfire.update,PluginDownloadManager,85,0,4,0,27,0,7,0,5,0
Core XMPP Server,org.jivesoftware.openfire.update,UpdateManager,1699,0,198,0,333,0,138,0,39,0
Core XMPP Server,org.jivesoftware.openfire.update,AvailablePlugin,340,0,40,0,72,0,26,0,6,0
Core XMPP Server,org.jivesoftware.openfire.update,DownloadStatus,31,0,0,0,13,0,9,0,9,0
Core XMPP Server,org.jivesoftware.openfire.muc.cluster,RoomAvailableEvent,35,0,0,0,14,0,6,0,6,0
Core XMPP Server,org.jivesoftware.openfire.muc.cluster,AddMember,72,0,0,0,23,0,9,0,9,0
Core XMPP Server,org.jivesoftware.openfire.muc.cluster,QueuedTasksManager.new TimerTask() {...},20,0,4,0,5,0,4,0,2,0
Core XMPP Server,org.jivesoftware.openfire.muc.cluster,GetNewMemberRoomsRequest,77,0,10,0,19,0,10,0,5,0
Core XMPP Server,org.jivesoftware.openfire.muc.cluster,QueuedTasksManager,29,0,0,0,8,0,4,0,4,0
Core XMPP Server,org.jivesoftware.openfire.muc.cluster,GetNumberConnectedUsers,36,0,2,0,9,0,6,0,5,0
Core XMPP Server,org.jivesoftware.openfire.muc.cluster,AddAffiliation,73,0,0,0,23,0,9,0,9,0
Core XMPP Server,org.jivesoftware.openfire.muc.cluster,UpdatePresence.new Runnable() {...},13,0,0,0,3,0,2,0,2,0
Core XMPP Server,org.jivesoftware.openfire.muc.cluster,OccupantLeftEvent,92,0,6,0,28,0,10,0,7,0
Core XMPP Server,org.jivesoftware.openfire.muc.cluster,ChangeNickname.new Runnable() {...},13,0,0,0,3,0,2,0,2,0
Core XMPP Server,org.jivesoftware.openfire.muc.cluster,ServiceInfo,123,0,4,0,28,0,10,0,8,0
Core XMPP Server,org.jivesoftware.openfire.muc.cluster,UpdateOccupant.new Runnable() {...},13,0,0,0,3,0,2,0,2,0
Core XMPP Server,org.jivesoftware.openfire.muc.cluster,OccupantLeftEvent.new Runnable() {...},13,0,0,0,3,0,2,0,2,0
Core XMPP Server,org.jivesoftware.openfire.muc.cluster,UpdatePresence,65,0,0,0,20,0,8,0,8,0
Core XMPP Server,org.jivesoftware.openfire.muc.cluster,AddAffiliation.new Runnable() {...},13,0,0,0,3,0,2,0,2,0
Core XMPP Server,org.jivesoftware.openfire.muc.cluster,RoomRemovedEvent,35,0,0,0,14,0,6,0,6,0
Core XMPP Server,org.jivesoftware.openfire.muc.cluster,BroadcastPresenceRequest.new Runnable() {...},26,0,0,0,6,0,2,0,2,0
Core XMPP Server,org.jivesoftware.openfire.muc.cluster,ServiceUpdatedEvent,57,0,4,0,18,0,9,0,7,0
Core XMPP Server,org.jivesoftware.openfire.muc.cluster,MUCServicePropertyClusterEventTask,121,0,10,0,31,0,12,0,7,0
Core XMPP Server,org.jivesoftware.openfire.muc.cluster,DestroyRoomRequest.new Runnable() {...},13,0,0,0,3,0,2,0,2,0
Core XMPP Server,org.jivesoftware.openfire.muc.cluster,UpdateOccupantRequest,109,0,10,0,31,0,15,0,10,0
Core XMPP Server,org.jivesoftware.openfire.muc.cluster,BroadcastPresenceRequest,59,0,0,0,19,0,9,0,9,0
Core XMPP Server,org.jivesoftware.openfire.muc.cluster,UpdateHistoryStrategy,88,0,2,0,22,0,7,0,6,0
Core XMPP Server,org.jivesoftware.openfire.muc.cluster,OccupantAddedEvent.new Runnable() {...},13,0,0,0,3,0,2,0,2,0
Core XMPP Server,org.jivesoftware.openfire.muc.cluster,SeniorMemberServicesRequest,35,0,2,0,10,0,6,0,5,0
Core XMPP Server,org.jivesoftware.openfire.muc.cluster,MUCRoomTask,123,0,6,0,34,0,12,0,9,0
Core XMPP Server,org.jivesoftware.openfire.muc.cluster,RoomInfo,72,0,2,0,17,0,7,0,6,0
Core XMPP Server,org.jivesoftware.openfire.muc.cluster,UpdateOccupant,107,0,0,0,28,0,10,0,10,0
Core XMPP Server,org.jivesoftware.openfire.muc.cluster,ServiceAddedEvent,60,0,2,0,18,0,7,0,6,0
Core XMPP Server,org.jivesoftware.openfire.muc.cluster,AddMember.new Runnable() {...},13,0,0,0,3,0,2,0,2,0
Core XMPP Server,org.jivesoftware.openfire.muc.cluster,ChangeNickname,81,0,0,0,24,0,9,0,9,0
Core XMPP Server,org.jivesoftware.openfire.muc.cluster,ServiceRemovedEvent,29,0,0,0,12,0,6,0,6,0
Core XMPP Server,org.jivesoftware.openfire.muc.cluster,OccupantAddedEvent,185,0,0,0,46,0,16,0,16,0
Core XMPP Server,org.jivesoftware.openfire.muc.cluster,DestroyRoomRequest,102,0,12,0,29,0,15,0,9,0
Core XMPP Server,org.jivesoftware.openfire.muc.cluster,RoomUpdatedEvent,40,0,0,0,15,0,6,0,6,0
Core XMPP Server,org.jivesoftware.openfire.muc.cluster,BroadcastMessageRequest,59,0,0,0,19,0,9,0,9,0
Core XMPP Server,org.jivesoftware.openfire.muc.cluster,RoomUpdatedEvent.new Runnable() {...},14,0,0,0,3,0,2,0,2,0
Core XMPP Server,org.jivesoftware.openfire.muc.cluster,BroadcastMessageRequest.new Runnable() {...},26,0,0,0,6,0,2,0,2,0
Core XMPP Server,org.jivesoftware.openfire.muc.cluster,MUCServicePropertyClusterEventTask.Type,38,0,0,0,3,0,4,0,4,0
Core XMPP Server,org.jivesoftware.admin.servlet,SystemCacheDetailsServlet,392,0,28,0,69,0,29,0,14,0
Core XMPP Server,org.jivesoftware.admin.servlet,SystemCacheDetailsServlet.Search,23,0,0,0,6,0,3,0,3,0
Core XMPP Server,org.jivesoftware.admin.servlet,SystemPropertiesServlet,749,0,122,0,103,0,100,0,30,0
Core XMPP Server,org.jivesoftware.admin.servlet,SystemPropertiesServlet.Search,63,0,0,0,14,0,7,0,7,0
Core XMPP Server,org.jivesoftware.admin.servlet,SystemPropertiesServlet.CompoundProperty,150,0,8,0,41,0,17,0,13,0
Core XMPP Server,org.jivesoftware.openfire.commands,AdHocCommand.Status,48,0,0,0,4,0,4,0,4,0
Core XMPP Server,org.jivesoftware.openfire.commands,SessionData,110,0,8,0,33,0,16,0,12,0
Core XMPP Server,org.jivesoftware.openfire.commands,AdHocCommand,104,0,4,0,29,0,10,0,8,0
Core XMPP Server,org.jivesoftware.openfire.commands,AdHocCommandManager,523,0,42,0,121,0,30,0,9,0
Core XMPP Server,org.jivesoftware.openfire.commands,AdHocCommandHandler,407,0,18,0,91,0,26,0,17,0
Core XMPP Server,org.jivesoftware.openfire.commands,AdHocCommand.Action,68,0,0,0,6,0,4,0,4,0
Core XMPP Server,org.jivesoftware.database.bugfix,OF1515.PrivateXmlRecord,15,0,0,0,6,0,1,0,1,0
Core XMPP Server,org.jivesoftware.database.bugfix,OF1515.PubsubRecordData,103,0,0,0,33,0,1,0,1,0
Core XMPP Server,org.jivesoftware.database.bugfix,OF1515,670,0,8,0,156,0,15,0,11,0
Core XMPP Server,org.jivesoftware.database.bugfix,OF33,593,0,32,0,156,0,18,0,2,0
Core XMPP Server,org.jivesoftware.openfire.transport,TransportHandler,87,0,6,0,27,0,8,0,5,0
Core XMPP Server,org.jivesoftware.openfire.disco,IQDiscoInfoHandler,628,0,72,0,161,0,61,0,25,0
Core XMPP Server,org.jivesoftware.openfire.disco,IQDiscoInfoHandler.new UserIdentitiesProvider() {...},23,0,0,0,5,0,2,0,2,0
Core XMPP Server,org.jivesoftware.openfire.disco,IQDiscoInfoHandler.new UserIdentitiesProvider() {...},23,0,0,0,5,0,2,0,2,0
Core XMPP Server,org.jivesoftware.openfire.disco,IQDiscoInfoHandler.new DiscoInfoProvider() {...},421,0,76,0,88,0,43,0,5,0
Core XMPP Server,org.jivesoftware.openfire.disco,DiscoItem,200,0,28,0,48,0,25,0,11,0
Core XMPP Server,org.jivesoftware.openfire.disco,IQDiscoItemsHandler,758,0,74,0,197,0,64,0,27,0
Core XMPP Server,org.jivesoftware.openfire.disco,DiscoServerItem,33,0,4,0,10,0,5,0,3,0
Core XMPP Server,org.jivesoftware.openfire.disco,IQDiscoItemsHandler.ClusteredServerItem,36,0,0,0,9,0,3,0,3,0
Core XMPP Server,org.jivesoftware.openfire.disco,IQDiscoItemsHandler.new DiscoItemsProvider() {...},105,0,14,0,23,0,9,0,2,0
Core XMPP Server,org.jivesoftware.openfire.server,RemoteServerManager.PermissionPolicy,38,0,0,0,3,0,4,0,4,0
Core XMPP Server,org.jivesoftware.openfire.server,RemoteServerConfiguration,95,0,6,0,28,0,13,0,10,0
Core XMPP Server,org.jivesoftware.openfire.server,OutgoingSessionPromise.PacketsProcessor,414,0,36,0,96,0,25,0,7,0
Core XMPP Server,org.jivesoftware.openfire.server,RemoteServerManager,489,0,40,0,133,0,36,0,16,0
Core XMPP Server,org.jivesoftware.openfire.server,OutgoingServerSocketReader,60,0,2,0,20,0,8,0,7,0
Core XMPP Server,org.jivesoftware.openfire.server,OutgoingServerSocketReader.new Thread() {...},116,0,8,0,22,0,6,0,2,0
Core XMPP Server,org.jivesoftware.openfire.server,ServerDialback.new Object() {...},33,0,0,0,1,0,1,0,1,0
Core XMPP Server,org.jivesoftware.openfire.server,ServerDialback,1861,0,117,0,407,0,75,0,16,0
Core XMPP Server,org.jivesoftware.openfire.server,ServerDialback.VerifyResult,58,0,0,0,5,0,4,0,4,0
Core XMPP Server,org.jivesoftware.openfire.server,OutgoingSessionPromise.new Runnable() {...},95,0,8,0,23,0,6,0,2,0
Core XMPP Server,org.jivesoftware.openfire.server,OutgoingSessionPromise,128,0,4,0,32,0,10,0,8,0
Core XMPP Server,org.jivesoftware.openfire.server,RemoteServerConfiguration.Permission,38,0,0,0,3,0,4,0,4,0
Core XMPP Server,org.jivesoftware.openfire.commands.event,UserModified,291,0,20,0,86,0,19,0,9,0
Core XMPP Server,org.jivesoftware.openfire.commands.event,GroupCreated,123,0,4,0,39,0,11,0,9,0
Core XMPP Server,org.jivesoftware.openfire.commands.event,GroupAdminRemoved,164,0,4,0,52,0,11,0,9,0
Core XMPP Server,org.jivesoftware.openfire.commands.event,UserCreated,122,0,4,0,39,0,11,0,9,0
Core XMPP Server,org.jivesoftware.openfire.commands.event,GroupDeleting,123,0,4,0,39,0,11,0,9,0
Core XMPP Server,org.jivesoftware.openfire.commands.event,GroupMemberRemoved,164,0,4,0,52,0,11,0,9,0
Core XMPP Server,org.jivesoftware.openfire.commands.event,UserDeleting,114,0,4,0,37,0,11,0,9,0
Core XMPP Server,org.jivesoftware.openfire.commands.event,VCardModified,120,0,6,0,38,0,12,0,9,0
Core XMPP Server,org.jivesoftware.openfire.commands.event,GroupAdminAdded,164,0,4,0,52,0,11,0,9,0
Core XMPP Server,org.jivesoftware.openfire.commands.event,GroupModified,271,0,16,0,81,0,17,0,9,0
Core XMPP Server,org.jivesoftware.openfire.commands.event,GroupMemberAdded,164,0,4,0,52,0,11,0,9,0
Core XMPP Server,org.jivesoftware.openfire.commands.event,VCardCreated,120,0,6,0,38,0,12,0,9,0
Core XMPP Server,org.jivesoftware.openfire.commands.event,VCardDeleting,120,0,6,0,38,0,12,0,9,0
Core XMPP Server,org.jivesoftware.openfire.audit.spi,AuditorImpl,640,0,78,0,140,0,54,0,15,0
Core XMPP Server,org.jivesoftware.openfire.audit.spi,AuditorImpl.new FilenameFilter() {...},26,0,6,0,3,0,5,0,2,0
Core XMPP Server,org.jivesoftware.openfire.audit.spi,AuditorImpl.new FilenameFilter() {...},22,0,4,0,2,0,4,0,2,0
Core XMPP Server,org.jivesoftware.openfire.audit.spi,AuditorImpl.new FilenameFilter() {...},18,0,4,0,2,0,4,0,2,0
Core XMPP Server,org.jivesoftware.openfire.audit.spi,AuditorImpl.new Comparator() {...},12,0,0,0,2,0,2,0,2,0
Core XMPP Server,org.jivesoftware.openfire.audit.spi,AuditorImpl.AuditPacket,88,0,10,0,20,0,10,0,4,0
Core XMPP Server,org.jivesoftware.openfire.audit.spi,AuditManagerImpl,662,0,86,0,157,0,91,0,38,0
Core XMPP Server,org.jivesoftware.openfire.audit.spi,AuditorImpl.SaveQueuedPacketsTask,20,0,0,0,7,0,2,0,2,0
Core XMPP Server,org.jivesoftware.openfire.audit.spi,AuditManagerImpl.AuditorInterceptor,39,0,10,0,8,0,7,0,2,0
Core XMPP Server,org.jivesoftware.openfire.carbons,Sent,0,10,0,0,0,3,0,1,0,1
Core XMPP Server,org.jivesoftware.openfire.carbons,Received,0,10,0,0,0,3,0,1,0,1
Core XMPP Server,org.jivesoftware.openfire.user,MappedUserProvider,113,0,2,0,29,0,11,0,10,0
Core XMPP Server,org.jivesoftware.openfire.user,HybridUserProvider,216,0,32,0,60,0,27,0,11,0
Core XMPP Server,org.jivesoftware.openfire.user,User.PropertiesMap,133,0,2,0,23,0,4,0,3,0
Core XMPP Server,org.jivesoftware.openfire.user,UserCollection.UserIterator,100,0,16,0,28,0,13,0,5,0
Core XMPP Server,org.jivesoftware.openfire.user,PresenceEventDispatcher,152,0,22,0,49,0,20,0,9,0
Core XMPP Server,org.jivesoftware.openfire.user,User.PropertiesEntrySet,17,0,0,0,3,0,3,0,3,0
Core XMPP Server,org.jivesoftware.openfire.user,NativeUserProvider,3,0,0,0,1,0,1,0,1,0
Core XMPP Server,org.jivesoftware.openfire.user,UserNotFoundException,57,6,6,0,20,3,9,1,6,1
Core XMPP Server,org.jivesoftware.openfire.user,User.PropertiesEntrySet.new Iterator() {...},89,0,2,0,19,0,5,0,4,0
Core XMPP Server,org.jivesoftware.openfire.user,User,630,4,64,0,154,1,66,1,34,1
Core XMPP Server,org.jivesoftware.openfire.user,UserMultiProvider,428,0,44,0,107,0,35,0,13,0
Core XMPP Server,org.jivesoftware.openfire.user,UserManager.new UserEventListener() {...},17,15,0,0,4,3,2,2,2,2
Core XMPP Server,org.jivesoftware.openfire.user,UserManager.new IQResultListener() {...},5,69,5,5,1,18,4,4,0,3
Core XMPP Server,org.jivesoftware.openfire.user,UserCollection,16,0,0,0,5,0,3,0,3,0
Core XMPP Server,org.jivesoftware.openfire.user,AuthorizationBasedUserProviderMapper,65,0,6,0,19,0,6,0,3,0
Core XMPP Server,org.jivesoftware.openfire.user,UserManager.UserManagerContainer,9,0,0,0,2,0,2,0,2,0
Core XMPP Server,org.jivesoftware.openfire.user,UserAlreadyExistsException,63,0,6,0,23,0,10,0,7,0
Core XMPP Server,org.jivesoftware.openfire.user,DefaultUserProvider,1059,7,76,0,255,2,57,2,19,2
Core XMPP Server,org.jivesoftware.openfire.user,UserNameManager,63,0,8,0,16,0,10,0,6,0
Core XMPP Server,org.jivesoftware.openfire.user,POP3UserProvider,7,0,0,0,2,0,2,0,2,0
Core XMPP Server,org.jivesoftware.openfire.user,UserManager,235,285,24,22,49,81,31,13,13,8
Core XMPP Server,org.jivesoftware.openfire.user,PropertyBasedUserProviderMapper,127,0,12,0,26,0,9,0,3,0
Core XMPP Server,org.jivesoftware.openfire.user,JDBCUserProvider,816,0,68,0,190,0,56,0,22,0
Core XMPP Server,org.jivesoftware.openfire.archive,ArchiveCandidate,5,23,1,1,1,8,1,4,0,4
Core XMPP Server,org.jivesoftware.openfire.archive,ArchiveManager,102,0,10,0,26,0,12,0,7,0
Core XMPP Server,org.jivesoftware.openfire.archive,Archiver,142,169,18,12,37,40,18,11,8,6
Core XMPP Server,org.jivesoftware.openfire.archive,GetArchiveWriteETATask,50,0,0,0,15,0,6,0,6,0
Core XMPP Server,org.jivesoftware.openfire.stats,StatisticsManager,93,0,2,0,23,0,11,0,10,0
Core XMPP Server,org.jivesoftware.openfire.stats,i18nStatistic,58,0,2,0,15,0,8,0,7,0
Core XMPP Server,org.jivesoftware.openfire.stats,Statistic.Type,38,0,0,0,4,0,4,0,4,0
Core XMPP Server,org.jivesoftware.openfire.commands.admin.group,UpdateGroup,474,0,40,0,125,0,28,0,8,0
Core XMPP Server,org.jivesoftware.openfire.commands.admin.group,DeleteGroup,107,0,2,0,35,0,9,0,8,0
Core XMPP Server,org.jivesoftware.openfire.commands.admin.group,GetListGroupUsers,165,0,4,0,44,0,10,0,8,0
Core XMPP Server,org.jivesoftware.openfire.commands.admin.group,AddGroup,375,0,24,0,99,0,21,0,9,0
Core XMPP Server,org.jivesoftware.openfire.commands.admin.group,GetListGroups,325,0,18,0,82,0,17,0,8,0
Core XMPP Server,org.jivesoftware.openfire.commands.admin.group,AddGroupUsers,214,0,12,0,57,0,15,0,9,0
Core XMPP Server,org.jivesoftware.openfire.commands.admin.group,DeleteGroupUsers,175,0,6,0,49,0,12,0,9,0
Core XMPP Server,org.jivesoftware.openfire.roster,RosterManager.new RosterEventListener() {...},36,0,0,0,9,0,6,0,6,0
Core XMPP Server,org.jivesoftware.openfire.roster,RosterManager.new PropertyEventListener() {...},17,0,2,0,7,0,6,0,5,0
Core XMPP Server,org.jivesoftware.openfire.roster,RosterItem.RecvType,81,0,4,0,12,0,8,0,6,0
Core XMPP Server,org.jivesoftware.openfire.roster,RosterItem.AskType,81,0,4,0,12,0,8,0,6,0
Core XMPP Server,org.jivesoftware.openfire.roster,RosterManager,1754,0,230,0,408,0,153,0,38,0
Core XMPP Server,org.jivesoftware.openfire.roster,Roster,2178,0,310,0,486,0,188,0,33,0
Core XMPP Server,org.jivesoftware.openfire.roster,RosterItem.SubType,107,0,4,0,15,0,9,0,7,0
Core XMPP Server,org.jivesoftware.openfire.roster,RosterEventDispatcher,158,0,24,0,51,0,21,0,9,0
Core XMPP Server,org.jivesoftware.openfire.roster,RosterItem,605,0,56,0,162,0,61,0,33,0
Core XMPP Server,org.jivesoftware.openfire.roster,DefaultRosterItemProvider,540,0,12,0,135,0,15,0,9,0
Core XMPP Server,org.jivesoftware.openfire.filetransfer,DefaultFileTransferManager.MetaFileTransferInterceptor,74,0,18,0,19,0,11,0,2,0
Core XMPP Server,org.jivesoftware.openfire.filetransfer,DefaultFileTransferManager,282,0,24,0,72,0,25,0,13,0
Core XMPP Server,org.jivesoftware.openfire.filetransfer,FileTransfer,116,0,0,0,39,0,16,0,16,0
Core XMPP Server,org.jivesoftware.openfire.filetransfer,FileTransferRejectedException,70,0,6,0,26,0,12,0,9,0
Core XMPP Server,org.jivesoftware.openfire,Connection.TLSPolicy,58,0,0,0,5,0,4,0,4,0
Core XMPP Server,org.jivesoftware.openfire,XMPPServerInfo,9,0,0,0,4,0,1,0,1,0
Core XMPP Server,org.jivesoftware.openfire,Channel,79,0,2,0,22,0,14,0,13,0
Core XMPP Server,org.jivesoftware.openfire,Connection.State,38,0,0,0,1,0,4,0,4,0
Core XMPP Server,org.jivesoftware.openfire,OfflineMessageStrategy.new Object() {...},40,0,0,0,1,0,1,0,1,0
Core XMPP Server,org.jivesoftware.openfire,PrivateStorage,168,0,18,0,47,0,15,0,6,0
Core XMPP Server,org.jivesoftware.openfire,MulticastRouter,763,0,78,0,168,0,49,0,10,0
Core XMPP Server,org.jivesoftware.openfire,Connection.ClientAuth,48,0,0,0,4,0,4,0,4,0
Core XMPP Server,org.jivesoftware.openfire,SessionManager,2200,0,250,0,497,0,206,0,81,0
Core XMPP Server,org.jivesoftware.openfire,SessionManager.DetachedCleanupTask,109,0,14,0,24,0,9,0,2,0
Core XMPP Server,org.jivesoftware.openfire,SessionManager.ClientSessionListener,87,0,10,0,22,0,7,0,2,0
Core XMPP Server,org.jivesoftware.openfire,SessionResultFilter.SessionComparator,99,0,18,0,25,0,14,0,3,0
Core XMPP Server,org.jivesoftware.openfire,SessionManager.IncomingServerSessionListener,27,0,2,0,6,0,3,0,2,0
Core XMPP Server,org.jivesoftware.openfire,XMPPServer.Terminator,34,0,4,0,9,0,4,0,2,0
Core XMPP Server,org.jivesoftware.openfire,XMPPServer,2074,135,156,0,531,9,162,3,84,3
Core XMPP Server,org.jivesoftware.openfire,LocalSessionManager.ServerCleanupTask,54,0,6,0,14,0,5,0,2,0
Core XMPP Server,org.jivesoftware.openfire,IQRouter,797,4,156,0,187,1,91,1,13,1
Core XMPP Server,org.jivesoftware.openfire,JMXManager.new JMXAuthenticator() {...},93,0,8,0,20,0,6,0,2,0
Core XMPP Server,org.jivesoftware.openfire,Channel.new Runnable() {...},49,0,2,0,13,0,3,0,2,0
Core XMPP Server,org.jivesoftware.openfire,XMPPContextListener,33,0,4,0,11,0,5,0,3,0
Core XMPP Server,org.jivesoftware.openfire,SessionNotFoundException,63,0,6,0,23,0,10,0,7,0
Core XMPP Server,org.jivesoftware.openfire,XMPPServer.ShutdownThread,13,0,0,0,6,0,2,0,2,0
Core XMPP Server,org.jivesoftware.openfire,LocalSessionManager,144,0,8,0,36,0,15,0,11,0
Core XMPP Server,org.jivesoftware.openfire,OfflineMessageStore.new Object() {...},4,29,0,0,0,1,0,1,0,1
Core XMPP Server,org.jivesoftware.openfire,MessageRouter,457,0,70,0,106,0,41,0,6,0
Core XMPP Server,org.jivesoftware.openfire,OfflineMessageStore,765,74,51,17,189,19,43,9,15,2
Core XMPP Server,org.jivesoftware.openfire,IQHandlerInfo,0,15,0,0,0,6,0,3,0,3
Core XMPP Server,org.jivesoftware.openfire,ServerPort.Type,58,0,0,0,5,0,4,0,4,0
Core XMPP Server,org.jivesoftware.openfire,ServerPort,80,0,8,0,19,0,15,0,11,0
Core XMPP Server,org.jivesoftware.openfire,OfflineMessageStrategy,377,0,71,0,108,0,51,0,14,0
Core XMPP Server,org.jivesoftware.openfire,FlashCrossDomainHandler,297,0,54,0,69,0,34,0,7,0
Core XMPP Server,org.jivesoftware.openfire,PresenceRouter,386,0,72,0,88,0,42,0,6,0
Core XMPP Server,org.jivesoftware.openfire,OfflineMessageStrategy.Type,68,0,0,0,6,0,4,0,4,0
Core XMPP Server,org.jivesoftware.openfire,XMPPServer.ShutdownHookThread,16,0,0,0,5,0,2,0,2,0
Core XMPP Server,org.jivesoftware.openfire,SessionResultFilter,213,0,40,0,63,0,35,0,15,0
Core XMPP Server,org.jivesoftware.openfire,XMPPServer.new Thread() {...},24,0,2,0,8,0,3,0,2,0
Core XMPP Server,org.jivesoftware.openfire,XMPPServer.new Thread() {...},47,0,2,0,15,0,3,0,2,0
Core XMPP Server,org.jivesoftware.openfire,IQRouter.TimeoutTask,47,0,6,0,13,0,5,0,2,0
Core XMPP Server,org.jivesoftware.openfire,ChannelNotFoundException,7,0,0,0,4,0,2,0,2,0
Core XMPP Server,org.jivesoftware.openfire,SessionManager.ConnectionMultiplexerSessionListener,40,0,2,0,8,0,3,0,2,0
Core XMPP Server,org.jivesoftware.openfire,PacketException,7,0,0,0,4,0,2,0,2,0
Core XMPP Server,org.jivesoftware.openfire,JMXManager,112,0,6,0,32,0,15,0,12,0
Core XMPP Server,org.jivesoftware.openfire,Connection.CompressionPolicy,38,0,0,0,3,0,4,0,4,0
Core XMPP Server,org.jivesoftware.openfire,MulticastRouter.Type,78,0,0,0,7,0,4,0,4,0
Core XMPP Server,org.jivesoftware.openfire,OfflineMessage,11,0,0,0,4,0,2,0,2,0
Core XMPP Server,org.jivesoftware.openfire,SessionManager.OutgoingServerSessionListener,29,0,2,0,6,0,3,0,2,0
Core XMPP Server,org.jivesoftware.openfire,RemoteConnectionFailedException,7,0,0,0,4,0,2,0,2,0
Core XMPP Server,org.jivesoftware.openfire,SharedGroupException,7,0,0,0,4,0,2,0,2,0
Core XMPP Server,org.jivesoftware.openfire,FlashCrossDomainHandler.new Runnable() {...},17,0,0,0,6,0,2,0,2,0
Core XMPP Server,org.jivesoftware.openfire,SessionPacketRouter,166,0,20,0,42,0,18,0,8,0
Core XMPP Server,org.jivesoftware.openfire.commands.admin,GetNumberUserSessions,54,0,0,0,19,0,8,0,8,0
Core XMPP Server,org.jivesoftware.openfire.commands.admin,GetUsersPresence,178,0,16,0,51,0,17,0,9,0
Core XMPP Server,org.jivesoftware.openfire.commands.admin,GetServerStats,288,0,10,0,69,0,14,0,9,0
Core XMPP Server,org.jivesoftware.openfire.commands.admin,GetListActiveUsers,186,0,14,0,53,0,15,0,8,0
Core XMPP Server,org.jivesoftware.openfire.commands.admin,GetNumberOnlineUsers,77,0,2,0,23,0,9,0,8,0
Core XMPP Server,org.jivesoftware.openfire.commands.admin,PacketsNotification,204,0,8,0,58,0,13,0,9,0
Core XMPP Server,org.jivesoftware.openfire.commands.admin,GetAdminConsoleInfo,194,0,20,0,60,0,19,0,9,0
Core XMPP Server,org.jivesoftware.openfire.commands.admin,GetNumberActiveUsers,81,0,4,0,24,0,10,0,8,0
Core XMPP Server,org.jivesoftware.openfire.commands.admin,HttpBindStatus,111,0,8,0,36,0,13,0,9,0
Core XMPP Server,org.jivesoftware.openfire.pubsub,DefaultNodeConfiguration,520,0,6,0,162,0,38,0,35,0
Core XMPP Server,org.jivesoftware.openfire.pubsub,NodeSubscription,1183,0,172,0,291,0,131,0,45,0
Core XMPP Server,org.jivesoftware.openfire.pubsub,NodeSubscription.State,58,0,0,0,5,0,4,0,4,0
Core XMPP Server,org.jivesoftware.openfire.pubsub,NodeAffiliate,459,0,52,0,104,0,37,0,11,0
Core XMPP Server,org.jivesoftware.openfire.pubsub,LeafNode,656,0,90,0,159,0,69,0,24,0
Core XMPP Server,org.jivesoftware.openfire.pubsub,Node,3042,0,390,0,793,0,310,0,115,0
Core XMPP Server,org.jivesoftware.openfire.pubsub,PendingSubscriptionsCommand,197,0,22,0,49,0,20,0,9,0
Core XMPP Server,org.jivesoftware.openfire.pubsub,Node.ItemReplyPolicy,38,0,0,0,3,0,4,0,4,0
Core XMPP Server,org.jivesoftware.openfire.pubsub,PubSubEngine.new Runnable() {...},33,0,0,0,3,0,2,0,2,0
Core XMPP Server,org.jivesoftware.openfire.pubsub,PubSubEngine.new Runnable() {...},25,0,0,0,3,0,2,0,2,0
Core XMPP Server,org.jivesoftware.openfire.pubsub,NotAcceptableException,63,0,6,0,23,0,10,0,7,0
Core XMPP Server,org.jivesoftware.openfire.pubsub,PublishedItem,280,0,34,0,60,0,33,0,16,0
Core XMPP Server,org.jivesoftware.openfire.pubsub,PubSubEngine.new XMPPServerListener() {...},16,0,0,0,4,0,3,0,3,0
Core XMPP Server,org.jivesoftware.openfire.pubsub,PubSubEngine.new Runnable() {...},50,0,0,0,3,0,2,0,2,0
Core XMPP Server,org.jivesoftware.openfire.pubsub,PubSubServiceInfo.new Object() {...},58,0,0,0,2,0,1,0,1,0
Core XMPP Server,org.jivesoftware.openfire.pubsub,PubSubEngine.CreateNodeResponse,12,0,0,0,5,0,1,0,1,0
Core XMPP Server,org.jivesoftware.openfire.pubsub,PubSubEngine,3811,0,602,0,1007,0,342,0,41,0
Core XMPP Server,org.jivesoftware.openfire.pubsub,PubSubServiceInfo.listType,38,0,0,0,2,0,4,0,4,0
Core XMPP Server,org.jivesoftware.openfire.pubsub,NodeSubscription.Type,38,0,0,0,3,0,4,0,4,0
Core XMPP Server,org.jivesoftware.openfire.pubsub,NodeAffiliate.Affiliation,58,0,0,0,5,0,4,0,4,0
Core XMPP Server,org.jivesoftware.openfire.pubsub,PubSubModule,1411,0,148,0,367,0,136,0,62,0
Core XMPP Server,org.jivesoftware.openfire.pubsub,CollectionNode.LeafNodeAssociationPolicy,48,0,0,0,4,0,4,0,4,0
Core XMPP Server,org.jivesoftware.openfire.pubsub,PubSubPersistenceManager.RetryWrapper,23,0,0,0,5,0,4,0,4,0
Core XMPP Server,org.jivesoftware.openfire.pubsub,CollectionNode,721,0,82,0,175,0,65,0,24,0
Core XMPP Server,org.jivesoftware.openfire.pubsub,PubSubServiceInfo,703,0,87,0,124,0,61,0,12,0
Core XMPP Server,org.jivesoftware.openfire.pubsub,PubSubInfo,5,0,0,0,2,0,1,0,1,0
Core XMPP Server,org.jivesoftware.openfire.pubsub,PubSubPersistenceManager.new Object() {...},40,0,0,0,1,0,1,0,1,0
Core XMPP Server,org.jivesoftware.openfire.pubsub,PubSubPersistenceManager.new Runnable() {...},6,0,0,0,2,0,2,0,2,0
Core XMPP Server,org.jivesoftware.openfire.pubsub,PubSubPersistenceManager.new TimerTask() {...},5,0,0,0,2,0,2,0,2,0
Core XMPP Server,org.jivesoftware.openfire.pubsub,PubSubPersistenceManager.new TimerTask() {...},6,0,0,0,2,0,2,0,2,0
Core XMPP Server,org.jivesoftware.openfire.pubsub,PubSubPersistenceManager,4518,0,369,0,1006,0,229,0,42,0
